#
# A fatal error has been detected by the Java Runtime Environment:
#
#  EXCEPTION_ACCESS_VIOLATION (0xc0000005) at pc=0x000000000d0c0b0a, pid=6408, tid=1448
#
# JRE version: OpenJDK Runtime Environment (17.0.11) (build 17.0.11+0--11852314)
# Java VM: OpenJDK 64-Bit Server VM (17.0.11+0--11852314, mixed mode, tiered, compressed oops, compressed class ptrs, g1 gc, windows-amd64)
# Problematic frame:
# j  org.codehaus.groovy.classgen.Verifier$6.visitVariableExpression(Lorg/codehaus/groovy/ast/expr/VariableExpression;)V+23
#
# No core dump will be written. Minidumps are not enabled by default on client versions of Windows
#
# If you would like to submit a bug report, please visit:
#   https://bugreport.java.com/bugreport/crash.jsp
#

---------------  S U M M A R Y ------------

Command Line: --add-opens=java.base/java.util=ALL-UNNAMED --add-opens=java.base/java.lang=ALL-UNNAMED --add-opens=java.base/java.lang.invoke=ALL-UNNAMED --add-opens=java.prefs/java.util.prefs=ALL-UNNAMED --add-opens=java.base/java.nio.charset=ALL-UNNAMED --add-opens=java.base/java.net=ALL-UNNAMED --add-opens=java.base/java.util.concurrent.atomic=ALL-UNNAMED -Xmx2048m -Dfile.encoding=UTF-8 -Duser.country=IN -Duser.language=en -Duser.variant -javaagent:C:\Users\heril\.gradle\wrapper\dists\gradle-8.7-bin\bhs2wmbdwecv87pi65oeuq5iu\gradle-8.7\lib\agents\gradle-instrumentation-agent-8.7.jar org.gradle.launcher.daemon.bootstrap.GradleDaemon 8.7

Host: Intel(R) Core(TM) i3-7100U CPU @ 2.40GHz, 4 cores, 11G,  Windows 11 , 64 bit Build 22621 (10.0.22621.3672)
Time: Sat Jul 13 14:26:46 2024 India Standard Time elapsed time: 18.641827 seconds (0d 0h 0m 18s)

---------------  T H R E A D  ---------------

Current thread (0x000001f2a6a7e500):  JavaThread "Daemon worker" [_thread_in_Java, id=1448, stack(0x000000614c600000,0x000000614c700000)]

Stack: [0x000000614c600000,0x000000614c700000],  sp=0x000000614c6f6dc0,  free space=987k
Native frames: (J=compiled Java code, j=interpreted, Vv=VM code, C=native code)
C  0x000000000d0c0b0a


siginfo: EXCEPTION_ACCESS_VIOLATION (0xc0000005), data execution prevention violation at address 0x000000000d0c0b0a


Registers:
RAX=0x0000000000000000, RBX=0x000001f2a3758130, RCX=0x000000008a7913b0, RDX=0x000001f291bf9622
RSP=0x000000614c6f6db8, RBP=0x000000614c6f6e18, RSI=0x000000008a7913b0, RDI=0x00000000000002f6
R8 =0x0000000080a74050, R9 =0x0000000000000003, R10=0x00007ffae12f6650, R11=0x000000000000000e
R12=0x0000000000000000, R13=0x000000614c6f6dc0, R14=0x000000614c6f6e30, R15=0x000001f2a6a7e500
RIP=0x000000000d0c0b0a, EFLAGS=0x0000000000010246


Register to memory mapping:

RIP=0x000000000d0c0b0a is an unknown value
RAX=0x0 is NULL
RBX={method} {0x000001f2a3758138} 'isNonStaticMemberAccess' '(Lorg/codehaus/groovy/ast/expr/VariableExpression;)Z' in 'org/codehaus/groovy/classgen/Verifier$6'
RCX=0x000000008a7913b0 is an oop: org.codehaus.groovy.classgen.Verifier$6 
{0x000000008a7913b0} - klass: 'org/codehaus/groovy/classgen/Verifier$6'
 - ---- fields (total size 3 words):
 - private 'inClosure' 'Z' @12  false
 - private 'inSpecialConstructorCall' 'Z' @13  true
 - final synthetic 'val$node' 'Lorg/codehaus/groovy/ast/ConstructorNode;' @16  a 'org/codehaus/groovy/ast/ConstructorNode'{0x000000008a784f40} (8a784f40)
 - final synthetic 'this$0' 'Lorg/codehaus/groovy/classgen/Verifier;' @20  a 'org/codehaus/groovy/classgen/Verifier'{0x000000008a78ed50} (8a78ed50)
RDX=0x000001f291bf9622 is at code_begin+1410 in an Interpreter codelet
return entry points  [0x000001f291bf90a0, 0x000001f291bf9bc0]  2848 bytes
RSP=0x000000614c6f6db8 is pointing into the stack for thread: 0x000001f2a6a7e500
RBP=0x000000614c6f6e18 is pointing into the stack for thread: 0x000001f2a6a7e500
RSI=0x000000008a7913b0 is an oop: org.codehaus.groovy.classgen.Verifier$6 
{0x000000008a7913b0} - klass: 'org/codehaus/groovy/classgen/Verifier$6'
 - ---- fields (total size 3 words):
 - private 'inClosure' 'Z' @12  false
 - private 'inSpecialConstructorCall' 'Z' @13  true
 - final synthetic 'val$node' 'Lorg/codehaus/groovy/ast/ConstructorNode;' @16  a 'org/codehaus/groovy/ast/ConstructorNode'{0x000000008a784f40} (8a784f40)
 - final synthetic 'this$0' 'Lorg/codehaus/groovy/classgen/Verifier;' @20  a 'org/codehaus/groovy/classgen/Verifier'{0x000000008a78ed50} (8a78ed50)
RDI=0x00000000000002f6 is an unknown value
R8 =0x0000000080a74050 is an oop: [B 
{0x0000000080a74050} - klass: {type array byte}
 - length: 5
R9 =0x0000000000000003 is an unknown value
R10=0x00007ffae12f6650 jvm.dll
R11=0x000000000000000e is an unknown value
R12=0x0 is NULL
R13=0x000000614c6f6dc0 is pointing into the stack for thread: 0x000001f2a6a7e500
R14=0x000000614c6f6e30 is pointing into the stack for thread: 0x000001f2a6a7e500
R15=0x000001f2a6a7e500 is a thread


Top of Stack: (sp=0x000000614c6f6db8)
0x000000614c6f6db8:   000001f291bf9622 000000008a784c30
0x000000614c6f6dc8:   000000008a7913b0 000000614c6f6dd0
0x000000614c6f6dd8:   000001f2a3757fbf 000000614c6f6e30
0x000000614c6f6de8:   000001f2a3758410 0000000000000000
0x000000614c6f6df8:   0000000082d7f960 000001f2a3758000
0x000000614c6f6e08:   000000614c6f6dc0 000000614c6f6e40
0x000000614c6f6e18:   000000614c6f6f38 000001f28ab44a8c
0x000000614c6f6e28:   000000008a784c30 000000008a7913b0
0x000000614c6f6e38:   000001f28ab44a8c 0000000000000000
0x000000614c6f6e48:   0000000000000000 0000000000000000
0x000000614c6f6e58:   0000000000000000 000000008a790a48
0x000000614c6f6e68:   00007ffae0b514ae 000000614c6f6f38
0x000000614c6f6e78:   000001f28a75ed9c 0000a090a1884230
0x000000614c6f6e88:   00007ffae0ab60e9 000001f2a6a7e500
0x000000614c6f6e98:   000000614c6f7028 0000000000000000
0x000000614c6f6ea8:   00000001006452e0 0000000000000000
0x000000614c6f6eb8:   00007ffae0f556ce 000000614c6f6f38
0x000000614c6f6ec8:   000001f291bf9982 000001f291bf9667
0x000000614c6f6ed8:   000001f291bf9982 000000008a784c30
0x000000614c6f6ee8:   000000008a7913e8 000000614c6f6ef0
0x000000614c6f6ef8:   000001f2a110d91e 000000614c6f6f70
0x000000614c6f6f08:   000001f2a1293aa0 0000000000000000
0x000000614c6f6f18:   00000000800c6ac0 000001f2a110d998
0x000000614c6f6f28:   000000614c6f6ee0 000000614c6f6f80
0x000000614c6f6f38:   000000614c6f7080 000001f28a75e38c
0x000000614c6f6f48:   0000000000000000 0000000000000002
0x000000614c6f6f58:   000000008a78eab8 0000000000000002
0x000000614c6f6f68:   000000008a7913e8 000000008a78eaa0
0x000000614c6f6f78:   000001f28a75e38c 000000614c6f7018
0x000000614c6f6f88:   000000614c6f7018 000000614c6f7089
0x000000614c6f6f98:   000001f29248ac58 000000614c6f7018
0x000000614c6f6fa8:   000001f2a6a7e500 000000614c6f6fe0 

Instructions: (pc=0x000001f291bf9622)
0x000001f291bf9522:   41 0f b7 4d 01 48 8b 5d d0 c1 e1 02 8b 5c cb 38
0x000001f291bf9532:   81 e3 ff 00 00 00 48 8d 24 dc 41 0f b6 5d 03 49
0x000001f291bf9542:   83 c5 03 49 ba 40 af 2f e1 fa 7f 00 00 41 ff 24
0x000001f291bf9552:   da 48 8b 65 f0 48 c7 45 f0 00 00 00 00 4c 8b 6d
0x000001f291bf9562:   c0 4c 8b 75 c8 41 0f b7 4d 01 48 8b 5d d0 c1 e1
0x000001f291bf9572:   02 8b 5c cb 38 81 e3 ff 00 00 00 48 8d 24 dc 41
0x000001f291bf9582:   0f b6 5d 03 49 83 c5 03 49 ba 40 9f 2f e1 fa 7f
0x000001f291bf9592:   00 00 41 ff 24 da 48 8b 65 f0 48 c7 45 f0 00 00
0x000001f291bf95a2:   00 00 4c 8b 6d c0 4c 8b 75 c8 41 0f b7 4d 01 48
0x000001f291bf95b2:   8b 5d d0 c1 e1 02 8b 5c cb 38 81 e3 ff 00 00 00
0x000001f291bf95c2:   48 8d 24 dc 41 0f b6 5d 03 49 83 c5 03 49 ba 40
0x000001f291bf95d2:   97 2f e1 fa 7f 00 00 41 ff 24 da 48 8b 65 f0 48
0x000001f291bf95e2:   c7 45 f0 00 00 00 00 4c 8b 6d c0 4c 8b 75 c8 41
0x000001f291bf95f2:   0f b7 4d 01 48 8b 5d d0 c1 e1 02 8b 5c cb 38 81
0x000001f291bf9602:   e3 ff 00 00 00 48 8d 24 dc 41 0f b6 5d 03 49 83
0x000001f291bf9612:   c5 03 49 ba 40 8f 2f e1 fa 7f 00 00 41 ff 24 da
0x000001f291bf9622:   48 8b 65 f0 48 c7 45 f0 00 00 00 00 4c 8b 6d c0
0x000001f291bf9632:   4c 8b 75 c8 41 0f b7 4d 01 48 8b 5d d0 c1 e1 02
0x000001f291bf9642:   8b 5c cb 38 81 e3 ff 00 00 00 48 8d 24 dc 41 0f
0x000001f291bf9652:   b6 5d 03 49 83 c5 03 49 ba 40 87 2f e1 fa 7f 00
0x000001f291bf9662:   00 41 ff 24 da 48 8b 65 f0 48 c7 45 f0 00 00 00
0x000001f291bf9672:   00 4c 8b 6d c0 4c 8b 75 c8 48 8b 5d d8 48 85 db
0x000001f291bf9682:   0f 84 8f 00 00 00 41 80 7d 00 ba 0f 84 1b 00 00
0x000001f291bf9692:   00 41 80 7d 00 e9 0f 84 10 00 00 00 48 8b 4d e8
0x000001f291bf96a2:   66 81 79 40 5b 01 0f 85 69 00 00 00 48 8b c8 48
0x000001f291bf96b2:   85 c9 75 12 48 f7 43 f8 01 00 00 00 75 57 f0 48
0x000001f291bf96c2:   83 4b f8 01 eb 4f 8b 49 08 48 c1 e1 03 4c 8b d1
0x000001f291bf96d2:   48 33 4b f8 48 f7 c1 fc ff ff ff 74 38 48 f7 c1
0x000001f291bf96e2:   02 00 00 00 75 2f 48 81 7b f8 00 00 00 00 74 21
0x000001f291bf96f2:   48 81 7b f8 01 00 00 00 74 17 49 8b ca 48 33 4b
0x000001f291bf9702:   f8 48 f7 c1 fc ff ff ff 74 0b 48 83 4b f8 02 eb
0x000001f291bf9712:   04 48 89 4b f8 41 0f b7 4d 01 48 8b 5d d0 c1 e1 


Stack slot to memory mapping:
stack at sp + 0 slots: 0x000000008a784c30 is an oop: org.codehaus.groovy.ast.expr.VariableExpression 
{0x000000008a784c30} - klass: 'org/codehaus/groovy/ast/expr/VariableExpression'
 - ---- fields (total size 9 words):
 - private 'lineNumber' 'I' @12  6
 - private 'columnNumber' 'I' @16  13 (d)
 - private 'lastLineNumber' 'I' @20  8
 - private 'lastColumnNumber' 'I' @24  2
 - private 'metaDataMap' 'Ljava/util/Map;' @28  NULL (0)
 - private 'synthetic' 'Z' @32  false
 - private 'annotations' 'Ljava/util/List;' @36  a 'java/util/Collections$EmptyList'{0x000000008052c750} (8052c750)
 - private 'declaringClass' 'Lorg/codehaus/groovy/ast/ClassNode;' @40  NULL (0)
 - private 'type' 'Lorg/codehaus/groovy/ast/ClassNode;' @44  a 'org/codehaus/groovy/ast/ClassNode'{0x000000008a8c6db8} (8a8c6db8)
 - private 'inStaticContext' 'Z' @33  false
 - private 'isDynamicTyped' 'Z' @34  false
 - 'closureShare' 'Z' @35  false
 - private 'modifiers' 'I' @48  0
 - 'useRef' 'Z' @52  false
 - private final 'variable' 'Ljava/lang/String;' @56  "_outerInstance"{0x0000000082b21450} (82b21450)
 - private 'accessedVariable' 'Lorg/codehaus/groovy/ast/Variable;' @60  NULL (0)
 - private final 'originType' 'Lorg/codehaus/groovy/ast/ClassNode;' @64  a 'org/codehaus/groovy/ast/ClassNode'{0x000000008a8c6db8} (8a8c6db8)
stack at sp + 1 slots: 0x000000008a7913b0 is an oop: org.codehaus.groovy.classgen.Verifier$6 
{0x000000008a7913b0} - klass: 'org/codehaus/groovy/classgen/Verifier$6'
 - ---- fields (total size 3 words):
 - private 'inClosure' 'Z' @12  false
 - private 'inSpecialConstructorCall' 'Z' @13  true
 - final synthetic 'val$node' 'Lorg/codehaus/groovy/ast/ConstructorNode;' @16  a 'org/codehaus/groovy/ast/ConstructorNode'{0x000000008a784f40} (8a784f40)
 - final synthetic 'this$0' 'Lorg/codehaus/groovy/classgen/Verifier;' @20  a 'org/codehaus/groovy/classgen/Verifier'{0x000000008a78ed50} (8a78ed50)
stack at sp + 2 slots: 0x000000614c6f6dd0 is pointing into the stack for thread: 0x000001f2a6a7e500
stack at sp + 3 slots: 0x000001f2a3757fbf is pointing into metadata
stack at sp + 4 slots: 0x000000614c6f6e30 is pointing into the stack for thread: 0x000001f2a6a7e500
stack at sp + 5 slots: 0x000001f2a3758410 is pointing into metadata
stack at sp + 6 slots: 0x0 is NULL
stack at sp + 7 slots: 0x0000000082d7f960 is an oop: java.lang.Class 
{0x0000000082d7f960} - klass: 'java/lang/Class'
 - ---- fields (total size 14 words):
 - private volatile transient 'classRedefinedCount' 'I' @12  0
 - private volatile transient 'cachedConstructor' 'Ljava/lang/reflect/Constructor;' @40  NULL (0)
 - private transient 'name' 'Ljava/lang/String;' @44  "org.codehaus.groovy.classgen.Verifier$6"{0x0000000082d7f9d0} (82d7f9d0)
 - private transient 'module' 'Ljava/lang/Module;' @48  a 'java/lang/Module'{0x00000000800dec58} (800dec58)
 - private final 'classLoader' 'Ljava/lang/ClassLoader;' @52  a 'org/gradle/internal/classloader/VisitableURLClassLoader'{0x00000000800e6c98} (800e6c98)
 - private transient 'classData' 'Ljava/lang/Object;' @56  NULL (0)
 - private transient 'packageName' 'Ljava/lang/String;' @60  "org.codehaus.groovy.classgen"{0x00000000827d3048} (827d3048)
 - private final 'componentType' 'Ljava/lang/Class;' @64  NULL (0)
 - private volatile transient 'reflectionData' 'Ljava/lang/ref/SoftReference;' @68  NULL (0)
 - private volatile transient 'genericInfo' 'Lsun/reflect/generics/repository/ClassRepository;' @72  NULL (0)
 - private volatile transient 'enumConstants' '[Ljava/lang/Object;' @76  NULL (0)
 - private volatile transient 'enumConstantDirectory' 'Ljava/util/Map;' @80  NULL (0)
 - private volatile transient 'annotationData' 'Ljava/lang/Class$AnnotationData;' @84  NULL (0)
 - private volatile transient 'annotationType' 'Lsun/reflect/annotation/AnnotationType;' @88  NULL (0)
 - transient 'classValueMap' 'Ljava/lang/ClassValue$ClassValueMap;' @92  NULL (0)
 - signature: Lorg/codehaus/groovy/classgen/Verifier$6;
 - fake entry for mirror: 'org/codehaus/groovy/classgen/Verifier$6'
 - fake entry for array: NULL
 - fake entry for oop_size: 14
 - fake entry for static_oop_field_count: 0


---------------  P R O C E S S  ---------------

Threads class SMR info:
_java_thread_list=0x000001f2a5444b80, length=39, elements={
0x000001f287202190, 0x000001f2a094a530, 0x000001f2a094b800, 0x000001f2a0984280,
0x000001f2a0987dd0, 0x000001f2a0988790, 0x000001f2a09898f0, 0x000001f2a098ad80,
0x000001f2a0991430, 0x000001f2a099ad90, 0x000001f2a0791e00, 0x000001f2a0bdc4a0,
0x000001f2a680fb70, 0x000001f2a61d85f0, 0x000001f2a69b4640, 0x000001f2a637c050,
0x000001f2a673f1a0, 0x000001f2a6a7e020, 0x000001f2a6a7e500, 0x000001f2a6abf7b0,
0x000001f2a6ac0bf0, 0x000001f2a6abf2a0, 0x000001f2a6abfcc0, 0x000001f2a6abe880,
0x000001f2a6abed90, 0x000001f2a6abd950, 0x000001f2a6ac01d0, 0x000001f2a6abde60,
0x000001f2a6ac06e0, 0x000001f2a6abd440, 0x000001f2a50e8450, 0x000001f2a50e7520,
0x000001f2a50e7010, 0x000001f2a50e8e70, 0x000001f2a50e9380, 0x000001f2a50ea7c0,
0x000001f2a50e5bd0, 0x000001f2a50e60e0, 0x000001f2a7cf8510
}

Java Threads: ( => current thread )
  0x000001f287202190 JavaThread "main" [_thread_blocked, id=9856, stack(0x000000614a900000,0x000000614aa00000)]
  0x000001f2a094a530 JavaThread "Reference Handler" daemon [_thread_blocked, id=1256, stack(0x000000614b000000,0x000000614b100000)]
  0x000001f2a094b800 JavaThread "Finalizer" daemon [_thread_blocked, id=9888, stack(0x000000614b100000,0x000000614b200000)]
  0x000001f2a0984280 JavaThread "Signal Dispatcher" daemon [_thread_blocked, id=5860, stack(0x000000614b200000,0x000000614b300000)]
  0x000001f2a0987dd0 JavaThread "Attach Listener" daemon [_thread_blocked, id=10272, stack(0x000000614b300000,0x000000614b400000)]
  0x000001f2a0988790 JavaThread "Service Thread" daemon [_thread_blocked, id=13024, stack(0x000000614b400000,0x000000614b500000)]
  0x000001f2a09898f0 JavaThread "Monitor Deflation Thread" daemon [_thread_blocked, id=10716, stack(0x000000614b500000,0x000000614b600000)]
  0x000001f2a098ad80 JavaThread "C2 CompilerThread0" daemon [_thread_blocked, id=10872, stack(0x000000614b600000,0x000000614b700000)]
  0x000001f2a0991430 JavaThread "C1 CompilerThread0" daemon [_thread_blocked, id=6448, stack(0x000000614b700000,0x000000614b800000)]
  0x000001f2a099ad90 JavaThread "Sweeper thread" daemon [_thread_blocked, id=7420, stack(0x000000614b800000,0x000000614b900000)]
  0x000001f2a0791e00 JavaThread "Common-Cleaner" daemon [_thread_blocked, id=8300, stack(0x000000614b900000,0x000000614ba00000)]
  0x000001f2a0bdc4a0 JavaThread "Notification Thread" daemon [_thread_blocked, id=12268, stack(0x000000614ba00000,0x000000614bb00000)]
  0x000001f2a680fb70 JavaThread "Daemon health stats" [_thread_blocked, id=10028, stack(0x000000614c000000,0x000000614c100000)]
  0x000001f2a61d85f0 JavaThread "Incoming local TCP Connector on port 59414" [_thread_in_native, id=12912, stack(0x000000614bc00000,0x000000614bd00000)]
  0x000001f2a69b4640 JavaThread "Daemon periodic checks" [_thread_blocked, id=10244, stack(0x000000614c100000,0x000000614c200000)]
  0x000001f2a637c050 JavaThread "Daemon" [_thread_blocked, id=9048, stack(0x000000614c300000,0x000000614c400000)]
  0x000001f2a673f1a0 JavaThread "Handler for socket connection from /127.0.0.1:59414 to /127.0.0.1:59415" [_thread_in_native, id=13288, stack(0x000000614c400000,0x000000614c500000)]
  0x000001f2a6a7e020 JavaThread "Cancel handler" [_thread_blocked, id=2848, stack(0x000000614c500000,0x000000614c600000)]
=>0x000001f2a6a7e500 JavaThread "Daemon worker" [_thread_in_Java, id=1448, stack(0x000000614c600000,0x000000614c700000)]
  0x000001f2a6abf7b0 JavaThread "Asynchronous log dispatcher for DefaultDaemonConnection: socket connection from /127.0.0.1:59414 to /127.0.0.1:59415" [_thread_blocked, id=10352, stack(0x000000614c700000,0x000000614c800000)]
  0x000001f2a6ac0bf0 JavaThread "Stdin handler" [_thread_blocked, id=9772, stack(0x000000614c800000,0x000000614c900000)]
  0x000001f2a6abf2a0 JavaThread "Daemon client event forwarder" [_thread_blocked, id=7304, stack(0x000000614c900000,0x000000614ca00000)]
  0x000001f2a6abfcc0 JavaThread "Cache worker for journal cache (C:\Users\heril\.gradle\caches\journal-1)" [_thread_blocked, id=11324, stack(0x000000614c200000,0x000000614c300000)]
  0x000001f2a6abe880 JavaThread "File lock request listener" [_thread_in_native, id=7804, stack(0x000000614ca00000,0x000000614cb00000)]
  0x000001f2a6abed90 JavaThread "Cache worker for file hash cache (C:\Users\heril\.gradle\caches\8.7\fileHashes)" [_thread_blocked, id=6456, stack(0x000000614cb00000,0x000000614cc00000)]
  0x000001f2a6abd950 JavaThread "Cache worker for file hash cache (C:\Users\heril\AndroidStudioProjects\Music\.gradle\8.7\fileHashes)" [_thread_blocked, id=9996, stack(0x000000614cd00000,0x000000614ce00000)]
  0x000001f2a6ac01d0 JavaThread "File watcher server" daemon [_thread_in_native, id=7912, stack(0x000000614ce00000,0x000000614cf00000)]
  0x000001f2a6abde60 JavaThread "File watcher consumer" daemon [_thread_blocked, id=8040, stack(0x000000614cf00000,0x000000614d000000)]
  0x000001f2a6ac06e0 JavaThread "jar transforms" [_thread_blocked, id=7048, stack(0x000000614cc00000,0x000000614cd00000)]
  0x000001f2a6abd440 JavaThread "jar transforms Thread 2" [_thread_blocked, id=3256, stack(0x000000614d000000,0x000000614d100000)]
  0x000001f2a50e8450 JavaThread "jar transforms Thread 3" [_thread_blocked, id=3312, stack(0x000000614d100000,0x000000614d200000)]
  0x000001f2a50e7520 JavaThread "jar transforms Thread 4" [_thread_blocked, id=2008, stack(0x000000614d200000,0x000000614d300000)]
  0x000001f2a50e7010 JavaThread "Cache worker for checksums cache (C:\Users\heril\AndroidStudioProjects\Music\.gradle\8.7\checksums)" [_thread_blocked, id=11464, stack(0x000000614d400000,0x000000614d500000)]
  0x000001f2a50e8e70 JavaThread "Cache worker for cache directory md-supplier (C:\Users\heril\.gradle\caches\8.7\md-supplier)" [_thread_blocked, id=2304, stack(0x000000614d500000,0x000000614d600000)]
  0x000001f2a50e9380 JavaThread "Cache worker for cache directory md-rule (C:\Users\heril\.gradle\caches\8.7\md-rule)" [_thread_blocked, id=5696, stack(0x000000614d600000,0x000000614d700000)]
  0x000001f2a50ea7c0 JavaThread "Cache worker for file content cache (C:\Users\heril\.gradle\caches\8.7\fileContent)" [_thread_blocked, id=5536, stack(0x000000614d700000,0x000000614d800000)]
  0x000001f2a50e5bd0 JavaThread "Unconstrained build operations" [_thread_blocked, id=11424, stack(0x000000614d800000,0x000000614d900000)]
  0x000001f2a50e60e0 JavaThread "Unconstrained build operations Thread 2" [_thread_blocked, id=11740, stack(0x000000614d900000,0x000000614da00000)]
  0x000001f2a7cf8510 JavaThread "C2 CompilerThread1" daemon [_thread_in_native, id=3108, stack(0x000000614d300000,0x000000614d400000)]

Other Threads:
  0x000001f2a07edd40 VMThread "VM Thread" [stack: 0x000000614af00000,0x000000614b000000] [id=11716]
  0x000001f287202e20 WatcherThread [stack: 0x000000614bb00000,0x000000614bc00000] [id=3808]
  0x000001f2851de870 GCTaskThread "GC Thread#0" [stack: 0x000000614aa00000,0x000000614ab00000] [id=8468]
  0x000001f2a554a3c0 GCTaskThread "GC Thread#1" [stack: 0x000000614bd00000,0x000000614be00000] [id=8992]
  0x000001f2a5145b70 GCTaskThread "GC Thread#2" [stack: 0x000000614be00000,0x000000614bf00000] [id=10136]
  0x000001f2a5145e30 GCTaskThread "GC Thread#3" [stack: 0x000000614bf00000,0x000000614c000000] [id=4460]
  0x000001f287269360 ConcurrentGCThread "G1 Main Marker" [stack: 0x000000614ab00000,0x000000614ac00000] [id=5188]
  0x000001f287269c90 ConcurrentGCThread "G1 Conc#0" [stack: 0x000000614ac00000,0x000000614ad00000] [id=11568]
  0x000001f28729e7a0 ConcurrentGCThread "G1 Refine#0" [stack: 0x000000614ad00000,0x000000614ae00000] [id=1716]
  0x000001f2a06603c0 ConcurrentGCThread "G1 Service" [stack: 0x000000614ae00000,0x000000614af00000] [id=9504]

Threads with active compile tasks:
C2 CompilerThread1    18720 6416       4       groovyjarjarantlr4.v4.runtime.atn.PredictionContextCache::getChild (74 bytes)

VM state: not at safepoint (normal execution)

VM Mutex/Monitor currently owned by a thread: None

Heap address: 0x0000000080000000, size: 2048 MB, Compressed Oops mode: 32-bit

CDS archive(s) not mapped
Compressed class space mapped at: 0x0000000100000000-0x0000000140000000, reserved size: 1073741824
Narrow klass base: 0x0000000000000000, Narrow klass shift: 3, Narrow klass range: 0x140000000

GC Precious Log:
 CPUs: 4 total, 4 available
 Memory: 12204M
 Large Page Support: Disabled
 NUMA Support: Disabled
 Compressed Oops: Enabled (32-bit)
 Heap Region Size: 1M
 Heap Min Capacity: 8M
 Heap Initial Capacity: 192M
 Heap Max Capacity: 2G
 Pre-touch: Disabled
 Parallel Workers: 4
 Concurrent Workers: 1
 Concurrent Refinement Workers: 4
 Periodic GC: Disabled

Heap:
 garbage-first heap   total 199680K, used 94052K [0x0000000080000000, 0x0000000100000000)
  region size 1024K, 33 young (33792K), 5 survivors (5120K)
 Metaspace       used 57400K, committed 57856K, reserved 1114112K
  class space    used 7761K, committed 8000K, reserved 1048576K

Heap Regions: E=young(eden), S=young(survivor), O=old, HS=humongous(starts), HC=humongous(continues), CS=collection set, F=free, OA=open archive, CA=closed archive, TAMS=top-at-mark-start (previous, next)
|   0|0x0000000080000000, 0x0000000080100000, 0x0000000080100000|100%| O|  |TAMS 0x0000000080100000, 0x0000000080000000| Untracked 
|   1|0x0000000080100000, 0x0000000080200000, 0x0000000080200000|100%|HS|  |TAMS 0x0000000080200000, 0x0000000080100000| Complete 
|   2|0x0000000080200000, 0x0000000080300000, 0x0000000080300000|100%|HC|  |TAMS 0x0000000080300000, 0x0000000080200000| Complete 
|   3|0x0000000080300000, 0x0000000080400000, 0x0000000080400000|100%|HC|  |TAMS 0x0000000080400000, 0x0000000080300000| Complete 
|   4|0x0000000080400000, 0x0000000080500000, 0x0000000080500000|100%|HC|  |TAMS 0x0000000080500000, 0x0000000080400000| Complete 
|   5|0x0000000080500000, 0x0000000080600000, 0x0000000080600000|100%| O|  |TAMS 0x0000000080600000, 0x0000000080500000| Untracked 
|   6|0x0000000080600000, 0x0000000080700000, 0x0000000080700000|100%| O|  |TAMS 0x0000000080700000, 0x0000000080600000| Untracked 
|   7|0x0000000080700000, 0x0000000080800000, 0x0000000080800000|100%| O|  |TAMS 0x0000000080800000, 0x0000000080700000| Untracked 
|   8|0x0000000080800000, 0x0000000080900000, 0x0000000080900000|100%| O|  |TAMS 0x0000000080900000, 0x0000000080800000| Untracked 
|   9|0x0000000080900000, 0x0000000080a00000, 0x0000000080a00000|100%| O|  |TAMS 0x0000000080a00000, 0x0000000080900000| Untracked 
|  10|0x0000000080a00000, 0x0000000080aaa000, 0x0000000080b00000| 66%| O|  |TAMS 0x0000000080aaa000, 0x0000000080a00000| Untracked 
|  11|0x0000000080b00000, 0x0000000080c00000, 0x0000000080c00000|100%| O|  |TAMS 0x0000000080c00000, 0x0000000080b00000| Untracked 
|  12|0x0000000080c00000, 0x0000000080d00000, 0x0000000080d00000|100%| O|  |TAMS 0x0000000080d00000, 0x0000000080c00000| Untracked 
|  13|0x0000000080d00000, 0x0000000080e00000, 0x0000000080e00000|100%| O|  |TAMS 0x0000000080e00000, 0x0000000080d00000| Untracked 
|  14|0x0000000080e00000, 0x0000000080f00000, 0x0000000080f00000|100%| O|  |TAMS 0x0000000080f00000, 0x0000000080e00000| Untracked 
|  15|0x0000000080f00000, 0x0000000081000000, 0x0000000081000000|100%| O|  |TAMS 0x0000000081000000, 0x0000000080f00000| Untracked 
|  16|0x0000000081000000, 0x0000000081100000, 0x0000000081100000|100%| O|  |TAMS 0x0000000081100000, 0x0000000081000000| Untracked 
|  17|0x0000000081100000, 0x0000000081200000, 0x0000000081200000|100%| O|  |TAMS 0x0000000081200000, 0x0000000081100000| Untracked 
|  18|0x0000000081200000, 0x0000000081300000, 0x0000000081300000|100%| O|  |TAMS 0x0000000081300000, 0x0000000081200000| Untracked 
|  19|0x0000000081300000, 0x0000000081400000, 0x0000000081400000|100%| O|  |TAMS 0x0000000081400000, 0x0000000081300000| Untracked 
|  20|0x0000000081400000, 0x0000000081500000, 0x0000000081500000|100%|HS|  |TAMS 0x0000000081500000, 0x0000000081400000| Complete 
|  21|0x0000000081500000, 0x0000000081600000, 0x0000000081600000|100%|HC|  |TAMS 0x0000000081600000, 0x0000000081500000| Complete 
|  22|0x0000000081600000, 0x0000000081700000, 0x0000000081700000|100%|HC|  |TAMS 0x0000000081700000, 0x0000000081600000| Complete 
|  23|0x0000000081700000, 0x0000000081800000, 0x0000000081800000|100%|HC|  |TAMS 0x0000000081800000, 0x0000000081700000| Complete 
|  24|0x0000000081800000, 0x0000000081900000, 0x0000000081900000|100%|HC|  |TAMS 0x0000000081900000, 0x0000000081800000| Complete 
|  25|0x0000000081900000, 0x0000000081a00000, 0x0000000081a00000|100%|HS|  |TAMS 0x0000000081a00000, 0x0000000081900000| Complete 
|  26|0x0000000081a00000, 0x0000000081b00000, 0x0000000081b00000|100%|HC|  |TAMS 0x0000000081b00000, 0x0000000081a00000| Complete 
|  27|0x0000000081b00000, 0x0000000081c00000, 0x0000000081c00000|100%|HC|  |TAMS 0x0000000081c00000, 0x0000000081b00000| Complete 
|  28|0x0000000081c00000, 0x0000000081d00000, 0x0000000081d00000|100%| O|  |TAMS 0x0000000081d00000, 0x0000000081c00000| Untracked 
|  29|0x0000000081d00000, 0x0000000081e00000, 0x0000000081e00000|100%| O|  |TAMS 0x0000000081e00000, 0x0000000081d00000| Untracked 
|  30|0x0000000081e00000, 0x0000000081f00000, 0x0000000081f00000|100%|HS|  |TAMS 0x0000000081f00000, 0x0000000081e00000| Complete 
|  31|0x0000000081f00000, 0x0000000082000000, 0x0000000082000000|100%|HC|  |TAMS 0x0000000082000000, 0x0000000081f00000| Complete 
|  32|0x0000000082000000, 0x0000000082100000, 0x0000000082100000|100%|HC|  |TAMS 0x0000000082100000, 0x0000000082000000| Complete 
|  33|0x0000000082100000, 0x0000000082200000, 0x0000000082200000|100%| O|  |TAMS 0x0000000082200000, 0x0000000082100000| Untracked 
|  34|0x0000000082200000, 0x0000000082300000, 0x0000000082300000|100%| O|  |TAMS 0x0000000082300000, 0x0000000082200000| Untracked 
|  35|0x0000000082300000, 0x0000000082400000, 0x0000000082400000|100%| O|  |TAMS 0x0000000082400000, 0x0000000082300000| Untracked 
|  36|0x0000000082400000, 0x0000000082500000, 0x0000000082500000|100%| O|  |TAMS 0x0000000082500000, 0x0000000082400000| Untracked 
|  37|0x0000000082500000, 0x0000000082600000, 0x0000000082600000|100%|HS|  |TAMS 0x0000000082600000, 0x0000000082500000| Complete 
|  38|0x0000000082600000, 0x0000000082700000, 0x0000000082700000|100%| O|  |TAMS 0x0000000082700000, 0x0000000082600000| Untracked 
|  39|0x0000000082700000, 0x0000000082800000, 0x0000000082800000|100%| O|  |TAMS 0x0000000082800000, 0x0000000082700000| Untracked 
|  40|0x0000000082800000, 0x0000000082900000, 0x0000000082900000|100%| O|  |TAMS 0x0000000082900000, 0x0000000082800000| Untracked 
|  41|0x0000000082900000, 0x0000000082a00000, 0x0000000082a00000|100%| O|  |TAMS 0x0000000082a00000, 0x0000000082900000| Untracked 
|  42|0x0000000082a00000, 0x0000000082b00000, 0x0000000082b00000|100%| O|  |TAMS 0x0000000082b00000, 0x0000000082a00000| Untracked 
|  43|0x0000000082b00000, 0x0000000082c00000, 0x0000000082c00000|100%| O|  |TAMS 0x0000000082c00000, 0x0000000082b00000| Untracked 
|  44|0x0000000082c00000, 0x0000000082d00000, 0x0000000082d00000|100%| O|  |TAMS 0x0000000082d00000, 0x0000000082c00000| Untracked 
|  45|0x0000000082d00000, 0x0000000082e00000, 0x0000000082e00000|100%| O|  |TAMS 0x0000000082e00000, 0x0000000082d00000| Untracked 
|  46|0x0000000082e00000, 0x0000000082f00000, 0x0000000082f00000|100%| O|  |TAMS 0x0000000082f00000, 0x0000000082e00000| Untracked 
|  47|0x0000000082f00000, 0x0000000083000000, 0x0000000083000000|100%| O|  |TAMS 0x0000000083000000, 0x0000000082f00000| Untracked 
|  48|0x0000000083000000, 0x0000000083100000, 0x0000000083100000|100%|HS|  |TAMS 0x0000000083000000, 0x0000000083000000| Complete 
|  49|0x0000000083100000, 0x0000000083200000, 0x0000000083200000|100%|HC|  |TAMS 0x0000000083100000, 0x0000000083100000| Complete 
|  50|0x0000000083200000, 0x0000000083300000, 0x0000000083300000|100%|HC|  |TAMS 0x0000000083200000, 0x0000000083200000| Complete 
|  51|0x0000000083300000, 0x0000000083400000, 0x0000000083400000|100%| O|  |TAMS 0x0000000083400000, 0x0000000083300000| Untracked 
|  52|0x0000000083400000, 0x0000000083500000, 0x0000000083500000|100%| O|  |TAMS 0x0000000083400000, 0x0000000083400000| Untracked 
|  53|0x0000000083500000, 0x0000000083600000, 0x0000000083600000|100%| O|  |TAMS 0x0000000083600000, 0x0000000083500000| Untracked 
|  54|0x0000000083600000, 0x0000000083700000, 0x0000000083700000|100%| O|  |TAMS 0x0000000083700000, 0x0000000083600000| Untracked 
|  55|0x0000000083700000, 0x0000000083800000, 0x0000000083800000|100%| O|  |TAMS 0x0000000083800000, 0x0000000083700000| Untracked 
|  56|0x0000000083800000, 0x00000000838e1a00, 0x0000000083900000| 88%| O|  |TAMS 0x0000000083800000, 0x0000000083800000| Untracked 
|  57|0x0000000083900000, 0x0000000083a00000, 0x0000000083a00000|100%| O|  |TAMS 0x0000000083a00000, 0x0000000083900000| Untracked 
|  58|0x0000000083a00000, 0x0000000083b00000, 0x0000000083b00000|100%|HS|  |TAMS 0x0000000083a00000, 0x0000000083a00000| Complete 
|  59|0x0000000083b00000, 0x0000000083c00000, 0x0000000083c00000|100%|HC|  |TAMS 0x0000000083b00000, 0x0000000083b00000| Complete 
|  60|0x0000000083c00000, 0x0000000083d00000, 0x0000000083d00000|100%|HC|  |TAMS 0x0000000083c00000, 0x0000000083c00000| Complete 
|  61|0x0000000083d00000, 0x0000000083d00000, 0x0000000083e00000|  0%| F|  |TAMS 0x0000000083d00000, 0x0000000083d00000| Untracked 
|  62|0x0000000083e00000, 0x0000000083e00000, 0x0000000083f00000|  0%| F|  |TAMS 0x0000000083e00000, 0x0000000083e00000| Untracked 
|  63|0x0000000083f00000, 0x0000000083f00000, 0x0000000084000000|  0%| F|  |TAMS 0x0000000083f00000, 0x0000000083f00000| Untracked 
|  64|0x0000000084000000, 0x0000000084000000, 0x0000000084100000|  0%| F|  |TAMS 0x0000000084000000, 0x0000000084000000| Untracked 
|  65|0x0000000084100000, 0x0000000084100000, 0x0000000084200000|  0%| F|  |TAMS 0x0000000084100000, 0x0000000084100000| Untracked 
|  66|0x0000000084200000, 0x0000000084200000, 0x0000000084300000|  0%| F|  |TAMS 0x0000000084200000, 0x0000000084200000| Untracked 
|  67|0x0000000084300000, 0x0000000084300000, 0x0000000084400000|  0%| F|  |TAMS 0x0000000084300000, 0x0000000084300000| Untracked 
|  68|0x0000000084400000, 0x0000000084400000, 0x0000000084500000|  0%| F|  |TAMS 0x0000000084400000, 0x0000000084400000| Untracked 
|  69|0x0000000084500000, 0x0000000084500000, 0x0000000084600000|  0%| F|  |TAMS 0x0000000084500000, 0x0000000084500000| Untracked 
|  70|0x0000000084600000, 0x0000000084600000, 0x0000000084700000|  0%| F|  |TAMS 0x0000000084600000, 0x0000000084600000| Untracked 
|  71|0x0000000084700000, 0x0000000084700000, 0x0000000084800000|  0%| F|  |TAMS 0x0000000084700000, 0x0000000084700000| Untracked 
|  72|0x0000000084800000, 0x0000000084800000, 0x0000000084900000|  0%| F|  |TAMS 0x0000000084800000, 0x0000000084800000| Untracked 
|  73|0x0000000084900000, 0x0000000084900000, 0x0000000084a00000|  0%| F|  |TAMS 0x0000000084900000, 0x0000000084900000| Untracked 
|  74|0x0000000084a00000, 0x0000000084a00000, 0x0000000084b00000|  0%| F|  |TAMS 0x0000000084a00000, 0x0000000084a00000| Untracked 
|  75|0x0000000084b00000, 0x0000000084b00000, 0x0000000084c00000|  0%| F|  |TAMS 0x0000000084b00000, 0x0000000084b00000| Untracked 
|  76|0x0000000084c00000, 0x0000000084c00000, 0x0000000084d00000|  0%| F|  |TAMS 0x0000000084c00000, 0x0000000084c00000| Untracked 
|  77|0x0000000084d00000, 0x0000000084d4d7b0, 0x0000000084e00000| 30%| S|CS|TAMS 0x0000000084d00000, 0x0000000084d00000| Complete 
|  78|0x0000000084e00000, 0x0000000084f00000, 0x0000000084f00000|100%| S|CS|TAMS 0x0000000084e00000, 0x0000000084e00000| Complete 
|  79|0x0000000084f00000, 0x0000000085000000, 0x0000000085000000|100%| S|CS|TAMS 0x0000000084f00000, 0x0000000084f00000| Complete 
|  80|0x0000000085000000, 0x0000000085100000, 0x0000000085100000|100%| S|CS|TAMS 0x0000000085000000, 0x0000000085000000| Complete 
|  81|0x0000000085100000, 0x0000000085200000, 0x0000000085200000|100%| S|CS|TAMS 0x0000000085100000, 0x0000000085100000| Complete 
|  82|0x0000000085200000, 0x0000000085200000, 0x0000000085300000|  0%| F|  |TAMS 0x0000000085200000, 0x0000000085200000| Untracked 
|  83|0x0000000085300000, 0x0000000085300000, 0x0000000085400000|  0%| F|  |TAMS 0x0000000085300000, 0x0000000085300000| Untracked 
|  84|0x0000000085400000, 0x0000000085400000, 0x0000000085500000|  0%| F|  |TAMS 0x0000000085400000, 0x0000000085400000| Untracked 
|  85|0x0000000085500000, 0x0000000085500000, 0x0000000085600000|  0%| F|  |TAMS 0x0000000085500000, 0x0000000085500000| Untracked 
|  86|0x0000000085600000, 0x0000000085600000, 0x0000000085700000|  0%| F|  |TAMS 0x0000000085600000, 0x0000000085600000| Untracked 
|  87|0x0000000085700000, 0x0000000085700000, 0x0000000085800000|  0%| F|  |TAMS 0x0000000085700000, 0x0000000085700000| Untracked 
|  88|0x0000000085800000, 0x0000000085800000, 0x0000000085900000|  0%| F|  |TAMS 0x0000000085800000, 0x0000000085800000| Untracked 
|  89|0x0000000085900000, 0x0000000085900000, 0x0000000085a00000|  0%| F|  |TAMS 0x0000000085900000, 0x0000000085900000| Untracked 
|  90|0x0000000085a00000, 0x0000000085a00000, 0x0000000085b00000|  0%| F|  |TAMS 0x0000000085a00000, 0x0000000085a00000| Untracked 
|  91|0x0000000085b00000, 0x0000000085b00000, 0x0000000085c00000|  0%| F|  |TAMS 0x0000000085b00000, 0x0000000085b00000| Untracked 
|  92|0x0000000085c00000, 0x0000000085c00000, 0x0000000085d00000|  0%| F|  |TAMS 0x0000000085c00000, 0x0000000085c00000| Untracked 
|  93|0x0000000085d00000, 0x0000000085d00000, 0x0000000085e00000|  0%| F|  |TAMS 0x0000000085d00000, 0x0000000085d00000| Untracked 
|  94|0x0000000085e00000, 0x0000000085e00000, 0x0000000085f00000|  0%| F|  |TAMS 0x0000000085e00000, 0x0000000085e00000| Untracked 
|  95|0x0000000085f00000, 0x0000000085f00000, 0x0000000086000000|  0%| F|  |TAMS 0x0000000085f00000, 0x0000000085f00000| Untracked 
|  96|0x0000000086000000, 0x0000000086000000, 0x0000000086100000|  0%| F|  |TAMS 0x0000000086000000, 0x0000000086000000| Untracked 
|  97|0x0000000086100000, 0x0000000086100000, 0x0000000086200000|  0%| F|  |TAMS 0x0000000086100000, 0x0000000086100000| Untracked 
|  98|0x0000000086200000, 0x0000000086200000, 0x0000000086300000|  0%| F|  |TAMS 0x0000000086200000, 0x0000000086200000| Untracked 
|  99|0x0000000086300000, 0x0000000086300000, 0x0000000086400000|  0%| F|  |TAMS 0x0000000086300000, 0x0000000086300000| Untracked 
| 100|0x0000000086400000, 0x0000000086400000, 0x0000000086500000|  0%| F|  |TAMS 0x0000000086400000, 0x0000000086400000| Untracked 
| 101|0x0000000086500000, 0x0000000086500000, 0x0000000086600000|  0%| F|  |TAMS 0x0000000086500000, 0x0000000086500000| Untracked 
| 102|0x0000000086600000, 0x0000000086600000, 0x0000000086700000|  0%| F|  |TAMS 0x0000000086600000, 0x0000000086600000| Untracked 
| 103|0x0000000086700000, 0x0000000086700000, 0x0000000086800000|  0%| F|  |TAMS 0x0000000086700000, 0x0000000086700000| Untracked 
| 104|0x0000000086800000, 0x0000000086800000, 0x0000000086900000|  0%| F|  |TAMS 0x0000000086800000, 0x0000000086800000| Untracked 
| 105|0x0000000086900000, 0x0000000086900000, 0x0000000086a00000|  0%| F|  |TAMS 0x0000000086900000, 0x0000000086900000| Untracked 
| 106|0x0000000086a00000, 0x0000000086a00000, 0x0000000086b00000|  0%| F|  |TAMS 0x0000000086a00000, 0x0000000086a00000| Untracked 
| 107|0x0000000086b00000, 0x0000000086b00000, 0x0000000086c00000|  0%| F|  |TAMS 0x0000000086b00000, 0x0000000086b00000| Untracked 
| 108|0x0000000086c00000, 0x0000000086c00000, 0x0000000086d00000|  0%| F|  |TAMS 0x0000000086c00000, 0x0000000086c00000| Untracked 
| 109|0x0000000086d00000, 0x0000000086d00000, 0x0000000086e00000|  0%| F|  |TAMS 0x0000000086d00000, 0x0000000086d00000| Untracked 
| 110|0x0000000086e00000, 0x0000000086e00000, 0x0000000086f00000|  0%| F|  |TAMS 0x0000000086e00000, 0x0000000086e00000| Untracked 
| 111|0x0000000086f00000, 0x0000000086f00000, 0x0000000087000000|  0%| F|  |TAMS 0x0000000086f00000, 0x0000000086f00000| Untracked 
| 112|0x0000000087000000, 0x0000000087000000, 0x0000000087100000|  0%| F|  |TAMS 0x0000000087000000, 0x0000000087000000| Untracked 
| 113|0x0000000087100000, 0x0000000087100000, 0x0000000087200000|  0%| F|  |TAMS 0x0000000087100000, 0x0000000087100000| Untracked 
| 114|0x0000000087200000, 0x0000000087200000, 0x0000000087300000|  0%| F|  |TAMS 0x0000000087200000, 0x0000000087200000| Untracked 
| 115|0x0000000087300000, 0x0000000087300000, 0x0000000087400000|  0%| F|  |TAMS 0x0000000087300000, 0x0000000087300000| Untracked 
| 116|0x0000000087400000, 0x0000000087400000, 0x0000000087500000|  0%| F|  |TAMS 0x0000000087400000, 0x0000000087400000| Untracked 
| 117|0x0000000087500000, 0x0000000087500000, 0x0000000087600000|  0%| F|  |TAMS 0x0000000087500000, 0x0000000087500000| Untracked 
| 118|0x0000000087600000, 0x0000000087600000, 0x0000000087700000|  0%| F|  |TAMS 0x0000000087600000, 0x0000000087600000| Untracked 
| 119|0x0000000087700000, 0x0000000087700000, 0x0000000087800000|  0%| F|  |TAMS 0x0000000087700000, 0x0000000087700000| Untracked 
| 120|0x0000000087800000, 0x0000000087800000, 0x0000000087900000|  0%| F|  |TAMS 0x0000000087800000, 0x0000000087800000| Untracked 
| 121|0x0000000087900000, 0x0000000087900000, 0x0000000087a00000|  0%| F|  |TAMS 0x0000000087900000, 0x0000000087900000| Untracked 
| 122|0x0000000087a00000, 0x0000000087a00000, 0x0000000087b00000|  0%| F|  |TAMS 0x0000000087a00000, 0x0000000087a00000| Untracked 
| 123|0x0000000087b00000, 0x0000000087b00000, 0x0000000087c00000|  0%| F|  |TAMS 0x0000000087b00000, 0x0000000087b00000| Untracked 
| 124|0x0000000087c00000, 0x0000000087c00000, 0x0000000087d00000|  0%| F|  |TAMS 0x0000000087c00000, 0x0000000087c00000| Untracked 
| 125|0x0000000087d00000, 0x0000000087d00000, 0x0000000087e00000|  0%| F|  |TAMS 0x0000000087d00000, 0x0000000087d00000| Untracked 
| 126|0x0000000087e00000, 0x0000000087e00000, 0x0000000087f00000|  0%| F|  |TAMS 0x0000000087e00000, 0x0000000087e00000| Untracked 
| 127|0x0000000087f00000, 0x0000000087f00000, 0x0000000088000000|  0%| F|  |TAMS 0x0000000087f00000, 0x0000000087f00000| Untracked 
| 128|0x0000000088000000, 0x0000000088000000, 0x0000000088100000|  0%| F|  |TAMS 0x0000000088000000, 0x0000000088000000| Untracked 
| 129|0x0000000088100000, 0x0000000088100000, 0x0000000088200000|  0%| F|  |TAMS 0x0000000088100000, 0x0000000088100000| Untracked 
| 130|0x0000000088200000, 0x0000000088200000, 0x0000000088300000|  0%| F|  |TAMS 0x0000000088200000, 0x0000000088200000| Untracked 
| 131|0x0000000088300000, 0x0000000088300000, 0x0000000088400000|  0%| F|  |TAMS 0x0000000088300000, 0x0000000088300000| Untracked 
| 132|0x0000000088400000, 0x0000000088400000, 0x0000000088500000|  0%| F|  |TAMS 0x0000000088400000, 0x0000000088400000| Untracked 
| 133|0x0000000088500000, 0x0000000088500000, 0x0000000088600000|  0%| F|  |TAMS 0x0000000088500000, 0x0000000088500000| Untracked 
| 134|0x0000000088600000, 0x0000000088600000, 0x0000000088700000|  0%| F|  |TAMS 0x0000000088600000, 0x0000000088600000| Untracked 
| 135|0x0000000088700000, 0x0000000088700000, 0x0000000088800000|  0%| F|  |TAMS 0x0000000088700000, 0x0000000088700000| Untracked 
| 136|0x0000000088800000, 0x0000000088800000, 0x0000000088900000|  0%| F|  |TAMS 0x0000000088800000, 0x0000000088800000| Untracked 
| 137|0x0000000088900000, 0x0000000088900000, 0x0000000088a00000|  0%| F|  |TAMS 0x0000000088900000, 0x0000000088900000| Untracked 
| 138|0x0000000088a00000, 0x0000000088a00000, 0x0000000088b00000|  0%| F|  |TAMS 0x0000000088a00000, 0x0000000088a00000| Untracked 
| 139|0x0000000088b00000, 0x0000000088b00000, 0x0000000088c00000|  0%| F|  |TAMS 0x0000000088b00000, 0x0000000088b00000| Untracked 
| 140|0x0000000088c00000, 0x0000000088c00000, 0x0000000088d00000|  0%| F|  |TAMS 0x0000000088c00000, 0x0000000088c00000| Untracked 
| 141|0x0000000088d00000, 0x0000000088d00000, 0x0000000088e00000|  0%| F|  |TAMS 0x0000000088d00000, 0x0000000088d00000| Untracked 
| 142|0x0000000088e00000, 0x0000000088e00000, 0x0000000088f00000|  0%| F|  |TAMS 0x0000000088e00000, 0x0000000088e00000| Untracked 
| 143|0x0000000088f00000, 0x0000000088f00000, 0x0000000089000000|  0%| F|  |TAMS 0x0000000088f00000, 0x0000000088f00000| Untracked 
| 144|0x0000000089000000, 0x0000000089000000, 0x0000000089100000|  0%| F|  |TAMS 0x0000000089000000, 0x0000000089000000| Untracked 
| 145|0x0000000089100000, 0x0000000089100000, 0x0000000089200000|  0%| F|  |TAMS 0x0000000089100000, 0x0000000089100000| Untracked 
| 146|0x0000000089200000, 0x0000000089200000, 0x0000000089300000|  0%| F|  |TAMS 0x0000000089200000, 0x0000000089200000| Untracked 
| 147|0x0000000089300000, 0x0000000089300000, 0x0000000089400000|  0%| F|  |TAMS 0x0000000089300000, 0x0000000089300000| Untracked 
| 148|0x0000000089400000, 0x0000000089400000, 0x0000000089500000|  0%| F|  |TAMS 0x0000000089400000, 0x0000000089400000| Untracked 
| 149|0x0000000089500000, 0x0000000089500000, 0x0000000089600000|  0%| F|  |TAMS 0x0000000089500000, 0x0000000089500000| Untracked 
| 150|0x0000000089600000, 0x0000000089600000, 0x0000000089700000|  0%| F|  |TAMS 0x0000000089600000, 0x0000000089600000| Untracked 
| 151|0x0000000089700000, 0x0000000089700000, 0x0000000089800000|  0%| F|  |TAMS 0x0000000089700000, 0x0000000089700000| Untracked 
| 152|0x0000000089800000, 0x0000000089800000, 0x0000000089900000|  0%| F|  |TAMS 0x0000000089800000, 0x0000000089800000| Untracked 
| 153|0x0000000089900000, 0x0000000089900000, 0x0000000089a00000|  0%| F|  |TAMS 0x0000000089900000, 0x0000000089900000| Untracked 
| 154|0x0000000089a00000, 0x0000000089a00000, 0x0000000089b00000|  0%| F|  |TAMS 0x0000000089a00000, 0x0000000089a00000| Untracked 
| 155|0x0000000089b00000, 0x0000000089b00000, 0x0000000089c00000|  0%| F|  |TAMS 0x0000000089b00000, 0x0000000089b00000| Untracked 
| 156|0x0000000089c00000, 0x0000000089c00000, 0x0000000089d00000|  0%| F|  |TAMS 0x0000000089c00000, 0x0000000089c00000| Untracked 
| 157|0x0000000089d00000, 0x0000000089d00000, 0x0000000089e00000|  0%| F|  |TAMS 0x0000000089d00000, 0x0000000089d00000| Untracked 
| 158|0x0000000089e00000, 0x0000000089e00000, 0x0000000089f00000|  0%| F|  |TAMS 0x0000000089e00000, 0x0000000089e00000| Untracked 
| 159|0x0000000089f00000, 0x0000000089f00000, 0x000000008a000000|  0%| F|  |TAMS 0x0000000089f00000, 0x0000000089f00000| Untracked 
| 160|0x000000008a000000, 0x000000008a000000, 0x000000008a100000|  0%| F|  |TAMS 0x000000008a000000, 0x000000008a000000| Untracked 
| 161|0x000000008a100000, 0x000000008a100000, 0x000000008a200000|  0%| F|  |TAMS 0x000000008a100000, 0x000000008a100000| Untracked 
| 162|0x000000008a200000, 0x000000008a200000, 0x000000008a300000|  0%| F|  |TAMS 0x000000008a200000, 0x000000008a200000| Untracked 
| 163|0x000000008a300000, 0x000000008a300000, 0x000000008a400000|  0%| F|  |TAMS 0x000000008a300000, 0x000000008a300000| Untracked 
| 164|0x000000008a400000, 0x000000008a400000, 0x000000008a500000|  0%| F|  |TAMS 0x000000008a400000, 0x000000008a400000| Untracked 
| 165|0x000000008a500000, 0x000000008a500000, 0x000000008a600000|  0%| F|  |TAMS 0x000000008a500000, 0x000000008a500000| Untracked 
| 166|0x000000008a600000, 0x000000008a600000, 0x000000008a700000|  0%| F|  |TAMS 0x000000008a600000, 0x000000008a600000| Untracked 
| 167|0x000000008a700000, 0x000000008a800000, 0x000000008a800000|100%| E|  |TAMS 0x000000008a700000, 0x000000008a700000| Complete 
| 168|0x000000008a800000, 0x000000008a900000, 0x000000008a900000|100%| E|CS|TAMS 0x000000008a800000, 0x000000008a800000| Complete 
| 169|0x000000008a900000, 0x000000008aa00000, 0x000000008aa00000|100%| E|CS|TAMS 0x000000008a900000, 0x000000008a900000| Complete 
| 170|0x000000008aa00000, 0x000000008ab00000, 0x000000008ab00000|100%| E|CS|TAMS 0x000000008aa00000, 0x000000008aa00000| Complete 
| 171|0x000000008ab00000, 0x000000008ac00000, 0x000000008ac00000|100%| E|CS|TAMS 0x000000008ab00000, 0x000000008ab00000| Complete 
| 172|0x000000008ac00000, 0x000000008ad00000, 0x000000008ad00000|100%| E|CS|TAMS 0x000000008ac00000, 0x000000008ac00000| Complete 
| 173|0x000000008ad00000, 0x000000008ae00000, 0x000000008ae00000|100%| E|CS|TAMS 0x000000008ad00000, 0x000000008ad00000| Complete 
| 174|0x000000008ae00000, 0x000000008af00000, 0x000000008af00000|100%| E|CS|TAMS 0x000000008ae00000, 0x000000008ae00000| Complete 
| 175|0x000000008af00000, 0x000000008b000000, 0x000000008b000000|100%| E|CS|TAMS 0x000000008af00000, 0x000000008af00000| Complete 
| 176|0x000000008b000000, 0x000000008b100000, 0x000000008b100000|100%| E|CS|TAMS 0x000000008b000000, 0x000000008b000000| Complete 
| 177|0x000000008b100000, 0x000000008b200000, 0x000000008b200000|100%| E|CS|TAMS 0x000000008b100000, 0x000000008b100000| Complete 
| 178|0x000000008b200000, 0x000000008b300000, 0x000000008b300000|100%| E|CS|TAMS 0x000000008b200000, 0x000000008b200000| Complete 
| 179|0x000000008b300000, 0x000000008b400000, 0x000000008b400000|100%| E|CS|TAMS 0x000000008b300000, 0x000000008b300000| Complete 
| 180|0x000000008b400000, 0x000000008b500000, 0x000000008b500000|100%| E|CS|TAMS 0x000000008b400000, 0x000000008b400000| Complete 
| 181|0x000000008b500000, 0x000000008b600000, 0x000000008b600000|100%| E|CS|TAMS 0x000000008b500000, 0x000000008b500000| Complete 
| 182|0x000000008b600000, 0x000000008b700000, 0x000000008b700000|100%| E|CS|TAMS 0x000000008b600000, 0x000000008b600000| Complete 
| 183|0x000000008b700000, 0x000000008b800000, 0x000000008b800000|100%| E|CS|TAMS 0x000000008b700000, 0x000000008b700000| Complete 
| 184|0x000000008b800000, 0x000000008b900000, 0x000000008b900000|100%| E|CS|TAMS 0x000000008b800000, 0x000000008b800000| Complete 
| 185|0x000000008b900000, 0x000000008ba00000, 0x000000008ba00000|100%| E|CS|TAMS 0x000000008b900000, 0x000000008b900000| Complete 
| 186|0x000000008ba00000, 0x000000008bb00000, 0x000000008bb00000|100%| E|CS|TAMS 0x000000008ba00000, 0x000000008ba00000| Complete 
| 187|0x000000008bb00000, 0x000000008bc00000, 0x000000008bc00000|100%| E|CS|TAMS 0x000000008bb00000, 0x000000008bb00000| Complete 
| 188|0x000000008bc00000, 0x000000008bd00000, 0x000000008bd00000|100%| E|CS|TAMS 0x000000008bc00000, 0x000000008bc00000| Complete 
| 189|0x000000008bd00000, 0x000000008be00000, 0x000000008be00000|100%| E|CS|TAMS 0x000000008bd00000, 0x000000008bd00000| Complete 
| 190|0x000000008be00000, 0x000000008bf00000, 0x000000008bf00000|100%| E|CS|TAMS 0x000000008be00000, 0x000000008be00000| Complete 
| 191|0x000000008bf00000, 0x000000008c000000, 0x000000008c000000|100%| E|CS|TAMS 0x000000008bf00000, 0x000000008bf00000| Complete 
| 192|0x000000008c000000, 0x000000008c100000, 0x000000008c100000|100%| E|CS|TAMS 0x000000008c000000, 0x000000008c000000| Complete 
| 193|0x000000008c100000, 0x000000008c200000, 0x000000008c200000|100%| E|CS|TAMS 0x000000008c100000, 0x000000008c100000| Complete 
| 194|0x000000008c200000, 0x000000008c300000, 0x000000008c300000|100%| E|CS|TAMS 0x000000008c200000, 0x000000008c200000| Complete 

Card table byte_map: [0x000001f299ac0000,0x000001f299ec0000] _byte_map_base: 0x000001f2996c0000

Marking Bits (Prev, Next): (CMBitMap*) 0x000001f287257a20, (CMBitMap*) 0x000001f287257a60
 Prev Bits: [0x000001f29a2c0000, 0x000001f29c2c0000)
 Next Bits: [0x000001f29c2c0000, 0x000001f29e2c0000)

Polling page: 0x000001f2869a0000

Metaspace:

Usage:
  Non-class:     48.47 MB used.
      Class:      7.58 MB used.
       Both:     56.05 MB used.

Virtual space:
  Non-class space:       64.00 MB reserved,      48.69 MB ( 76%) committed,  1 nodes.
      Class space:        1.00 GB reserved,       7.81 MB ( <1%) committed,  1 nodes.
             Both:        1.06 GB reserved,      56.50 MB (  5%) committed. 

Chunk freelists:
   Non-Class:  15.20 MB
       Class:  8.23 MB
        Both:  23.43 MB

MaxMetaspaceSize: unlimited
CompressedClassSpaceSize: 1.00 GB
Initial GC threshold: 21.00 MB
Current GC threshold: 93.44 MB
CDS: off
MetaspaceReclaimPolicy: balanced
 - commit_granule_bytes: 65536.
 - commit_granule_words: 8192.
 - virtual_space_node_default_size: 8388608.
 - enlarge_chunks_in_place: 1.
 - new_chunks_are_fully_committed: 0.
 - uncommit_free_chunks: 1.
 - use_allocation_guard: 0.
 - handle_deallocations: 1.


Internal statistics:

num_allocs_failed_limit: 3.
num_arena_births: 500.
num_arena_deaths: 4.
num_vsnodes_births: 2.
num_vsnodes_deaths: 0.
num_space_committed: 904.
num_space_uncommitted: 0.
num_chunks_returned_to_freelist: 10.
num_chunks_taken_from_freelist: 2373.
num_chunk_merges: 3.
num_chunk_splits: 1556.
num_chunks_enlarged: 1087.
num_inconsistent_stats: 0.

CodeHeap 'non-profiled nmethods': size=120000Kb used=4044Kb max_used=4044Kb free=115955Kb
 bounds [0x000001f292190000, 0x000001f292590000, 0x000001f2996c0000]
CodeHeap 'profiled nmethods': size=120000Kb used=11605Kb max_used=11605Kb free=108394Kb
 bounds [0x000001f28a6c0000, 0x000001f28b220000, 0x000001f291bf0000]
CodeHeap 'non-nmethods': size=5760Kb used=2328Kb max_used=2427Kb free=3431Kb
 bounds [0x000001f291bf0000, 0x000001f291e60000, 0x000001f292190000]
 total_blobs=6540 nmethods=5696 adapters=755
 compilation: enabled
              stopped_count=0, restarted_count=0
 full_count=0

Compilation events (20 events):
Event: 18.613 Thread 0x000001f2a0991430 6442       1       org.codehaus.groovy.ast.FieldNode::getName (5 bytes)
Event: 18.613 Thread 0x000001f2a0991430 nmethod 6442 0x000001f29257eb10 code [0x000001f29257eca0, 0x000001f29257ed78]
Event: 18.613 Thread 0x000001f2a0991430 6453       1       com.google.common.collect.MapMakerInternalMap$AbstractStrongKeyEntry::getHash (5 bytes)
Event: 18.613 Thread 0x000001f2a0991430 nmethod 6453 0x000001f29257ee10 code [0x000001f29257efa0, 0x000001f29257f078]
Event: 18.614 Thread 0x000001f2a0991430 6454       3       org.codehaus.groovy.ast.CodeVisitorSupport::visitBlockStatement (38 bytes)
Event: 18.614 Thread 0x000001f2a0991430 nmethod 6454 0x000001f28b211e90 code [0x000001f28b212080, 0x000001f28b212658]
Event: 18.614 Thread 0x000001f2a0991430 6455       3       org.codehaus.groovy.ast.expr.MethodCallExpression::visit (8 bytes)
Event: 18.614 Thread 0x000001f2a0991430 nmethod 6455 0x000001f28b212810 code [0x000001f28b2129c0, 0x000001f28b212b88]
Event: 18.614 Thread 0x000001f2a0991430 6456       3       org.codehaus.groovy.ast.ClassNode::getDeclaredMethodsMap (56 bytes)
Event: 18.615 Thread 0x000001f2a0991430 nmethod 6456 0x000001f28b212c90 code [0x000001f28b212f00, 0x000001f28b213a88]
Event: 18.615 Thread 0x000001f2a0991430 6459       3       org.codehaus.groovy.ast.ClassCodeVisitorSupport::visitAnnotations (45 bytes)
Event: 18.615 Thread 0x000001f2a0991430 nmethod 6459 0x000001f28b213e10 code [0x000001f28b214020, 0x000001f28b214768]
Event: 18.615 Thread 0x000001f2a0991430 6457       3       org.apache.groovy.ast.tools.ClassNodeUtils::getDeclaredMethodsFromSuper (22 bytes)
Event: 18.616 Thread 0x000001f2a0991430 nmethod 6457 0x000001f28b214990 code [0x000001f28b214b60, 0x000001f28b214ff8]
Event: 18.616 Thread 0x000001f2a0991430 6458       1       org.codehaus.groovy.ast.expr.PropertyExpression::getProperty (5 bytes)
Event: 18.616 Thread 0x000001f2a0991430 nmethod 6458 0x000001f29257f110 code [0x000001f29257f2a0, 0x000001f29257f378]
Event: 18.616 Thread 0x000001f2a0991430 6460       1       org.codehaus.groovy.ast.expr.VariableExpression::getName (5 bytes)
Event: 18.616 Thread 0x000001f2a0991430 nmethod 6460 0x000001f29257f410 code [0x000001f29257f5a0, 0x000001f29257f678]
Event: 18.616 Thread 0x000001f2a0991430 6461       3       groovyjarjarasm.asm.Frame::getLocal (46 bytes)
Event: 18.616 Thread 0x000001f2a0991430 nmethod 6461 0x000001f28b215210 code [0x000001f28b2153c0, 0x000001f28b2155f8]

GC Heap History (20 events):
Event: 14.343 GC heap before
{Heap before GC invocations=39 (full 0):
 garbage-first heap   total 138240K, used 118583K [0x0000000080000000, 0x0000000100000000)
  region size 1024K, 60 young (61440K), 3 survivors (3072K)
 Metaspace       used 57169K, committed 57600K, reserved 1114112K
  class space    used 7741K, committed 7936K, reserved 1048576K
}
Event: 14.347 GC heap after
{Heap after GC invocations=40 (full 0):
 garbage-first heap   total 138240K, used 60609K [0x0000000080000000, 0x0000000100000000)
  region size 1024K, 4 young (4096K), 4 survivors (4096K)
 Metaspace       used 57169K, committed 57600K, reserved 1114112K
  class space    used 7741K, committed 7936K, reserved 1048576K
}
Event: 14.622 GC heap before
{Heap before GC invocations=40 (full 0):
 garbage-first heap   total 138240K, used 117953K [0x0000000080000000, 0x0000000100000000)
  region size 1024K, 60 young (61440K), 4 survivors (4096K)
 Metaspace       used 57206K, committed 57600K, reserved 1114112K
  class space    used 7741K, committed 7936K, reserved 1048576K
}
Event: 14.626 GC heap after
{Heap after GC invocations=41 (full 0):
 garbage-first heap   total 138240K, used 60943K [0x0000000080000000, 0x0000000100000000)
  region size 1024K, 4 young (4096K), 4 survivors (4096K)
 Metaspace       used 57206K, committed 57600K, reserved 1114112K
  class space    used 7741K, committed 7936K, reserved 1048576K
}
Event: 14.919 GC heap before
{Heap before GC invocations=41 (full 0):
 garbage-first heap   total 138240K, used 118287K [0x0000000080000000, 0x0000000100000000)
  region size 1024K, 60 young (61440K), 4 survivors (4096K)
 Metaspace       used 57216K, committed 57664K, reserved 1114112K
  class space    used 7741K, committed 7936K, reserved 1048576K
}
Event: 14.926 GC heap after
{Heap after GC invocations=42 (full 0):
 garbage-first heap   total 165888K, used 61561K [0x0000000080000000, 0x0000000100000000)
  region size 1024K, 5 young (5120K), 5 survivors (5120K)
 Metaspace       used 57216K, committed 57664K, reserved 1114112K
  class space    used 7741K, committed 7936K, reserved 1048576K
}
Event: 15.335 GC heap before
{Heap before GC invocations=42 (full 0):
 garbage-first heap   total 165888K, used 141433K [0x0000000080000000, 0x0000000100000000)
  region size 1024K, 83 young (84992K), 5 survivors (5120K)
 Metaspace       used 57216K, committed 57664K, reserved 1114112K
  class space    used 7741K, committed 7936K, reserved 1048576K
}
Event: 15.340 GC heap after
{Heap after GC invocations=43 (full 0):
 garbage-first heap   total 165888K, used 62800K [0x0000000080000000, 0x0000000100000000)
  region size 1024K, 6 young (6144K), 6 survivors (6144K)
 Metaspace       used 57216K, committed 57664K, reserved 1114112K
  class space    used 7741K, committed 7936K, reserved 1048576K
}
Event: 15.705 GC heap before
{Heap before GC invocations=43 (full 0):
 garbage-first heap   total 165888K, used 140624K [0x0000000080000000, 0x0000000100000000)
  region size 1024K, 82 young (83968K), 6 survivors (6144K)
 Metaspace       used 57217K, committed 57664K, reserved 1114112K
  class space    used 7741K, committed 7936K, reserved 1048576K
}
Event: 15.712 GC heap after
{Heap after GC invocations=44 (full 0):
 garbage-first heap   total 165888K, used 63440K [0x0000000080000000, 0x0000000100000000)
  region size 1024K, 6 young (6144K), 6 survivors (6144K)
 Metaspace       used 57217K, committed 57664K, reserved 1114112K
  class space    used 7741K, committed 7936K, reserved 1048576K
}
Event: 16.065 GC heap before
{Heap before GC invocations=44 (full 0):
 garbage-first heap   total 165888K, used 141264K [0x0000000080000000, 0x0000000100000000)
  region size 1024K, 82 young (83968K), 6 survivors (6144K)
 Metaspace       used 57218K, committed 57664K, reserved 1114112K
  class space    used 7741K, committed 7936K, reserved 1048576K
}
Event: 16.072 GC heap after
{Heap after GC invocations=45 (full 0):
 garbage-first heap   total 165888K, used 64794K [0x0000000080000000, 0x0000000100000000)
  region size 1024K, 7 young (7168K), 7 survivors (7168K)
 Metaspace       used 57218K, committed 57664K, reserved 1114112K
  class space    used 7741K, committed 7936K, reserved 1048576K
}
Event: 16.393 GC heap before
{Heap before GC invocations=45 (full 0):
 garbage-first heap   total 165888K, used 140570K [0x0000000080000000, 0x0000000100000000)
  region size 1024K, 81 young (82944K), 7 survivors (7168K)
 Metaspace       used 57218K, committed 57664K, reserved 1114112K
  class space    used 7741K, committed 7936K, reserved 1048576K
}
Event: 16.400 GC heap after
{Heap after GC invocations=46 (full 0):
 garbage-first heap   total 199680K, used 65070K [0x0000000080000000, 0x0000000100000000)
  region size 1024K, 6 young (6144K), 6 survivors (6144K)
 Metaspace       used 57218K, committed 57664K, reserved 1114112K
  class space    used 7741K, committed 7936K, reserved 1048576K
}
Event: 17.008 GC heap before
{Heap before GC invocations=46 (full 0):
 garbage-first heap   total 199680K, used 172590K [0x0000000080000000, 0x0000000100000000)
  region size 1024K, 111 young (113664K), 6 survivors (6144K)
 Metaspace       used 57219K, committed 57664K, reserved 1114112K
  class space    used 7742K, committed 7936K, reserved 1048576K
}
Event: 17.017 GC heap after
{Heap after GC invocations=47 (full 0):
 garbage-first heap   total 199680K, used 66094K [0x0000000080000000, 0x0000000100000000)
  region size 1024K, 7 young (7168K), 7 survivors (7168K)
 Metaspace       used 57219K, committed 57664K, reserved 1114112K
  class space    used 7742K, committed 7936K, reserved 1048576K
}
Event: 18.030 GC heap before
{Heap before GC invocations=47 (full 0):
 garbage-first heap   total 199680K, used 174638K [0x0000000080000000, 0x0000000100000000)
  region size 1024K, 110 young (112640K), 7 survivors (7168K)
 Metaspace       used 57335K, committed 57792K, reserved 1114112K
  class space    used 7757K, committed 8000K, reserved 1048576K
}
Event: 18.033 GC heap after
{Heap after GC invocations=48 (full 0):
 garbage-first heap   total 199680K, used 61940K [0x0000000080000000, 0x0000000100000000)
  region size 1024K, 3 young (3072K), 3 survivors (3072K)
 Metaspace       used 57335K, committed 57792K, reserved 1114112K
  class space    used 7757K, committed 8000K, reserved 1048576K
}
Event: 18.383 GC heap before
{Heap before GC invocations=48 (full 0):
 garbage-first heap   total 199680K, used 174580K [0x0000000080000000, 0x0000000100000000)
  region size 1024K, 113 young (115712K), 3 survivors (3072K)
 Metaspace       used 57336K, committed 57792K, reserved 1114112K
  class space    used 7758K, committed 8000K, reserved 1048576K
}
Event: 18.390 GC heap after
{Heap after GC invocations=49 (full 0):
 garbage-first heap   total 199680K, used 63332K [0x0000000080000000, 0x0000000100000000)
  region size 1024K, 5 young (5120K), 5 survivors (5120K)
 Metaspace       used 57336K, committed 57792K, reserved 1114112K
  class space    used 7758K, committed 8000K, reserved 1048576K
}

Dll operation events (3 events):
Event: 0.017 Loaded shared library C:\Program Files\Android\Android Studio\jbr\bin\java.dll
Event: 0.180 Loaded shared library C:\Program Files\Android\Android Studio\jbr\bin\zip.dll
Event: 0.658 Loaded shared library C:\Program Files\Android\Android Studio\jbr\bin\verify.dll

Deoptimization events (20 events):
Event: 18.493 Thread 0x000001f2a6a7e500 Uncommon trap: trap_request=0xffffff45 fr.pc=0x000001f292569218 relative=0x00000000000002d8
Event: 18.493 Thread 0x000001f2a6a7e500 Uncommon trap: reason=unstable_if action=reinterpret pc=0x000001f292569218 method=org.gradle.api.internal.file.archive.impl.FileZipInput$1.computeNext()Lorg/gradle/api/internal/file/archive/ZipEntry; @ 12 c2
Event: 18.493 Thread 0x000001f2a6a7e500 DEOPT PACKING pc=0x000001f292569218 sp=0x000000614c6f8e30
Event: 18.493 Thread 0x000001f2a6a7e500 DEOPT UNPACKING pc=0x000001f291c469a3 sp=0x000000614c6f8d98 mode 2
Event: 18.561 Thread 0x000001f2a6a7e500 DEOPT PACKING pc=0x000001f28a928769 sp=0x000000614c6f66a0
Event: 18.561 Thread 0x000001f2a6a7e500 DEOPT UNPACKING pc=0x000001f291c47143 sp=0x000000614c6f5c20 mode 0
Event: 18.575 Thread 0x000001f2a6a7e500 DEOPT PACKING pc=0x000001f28ae902b7 sp=0x000000614c6f5dd0
Event: 18.576 Thread 0x000001f2a6a7e500 DEOPT UNPACKING pc=0x000001f291c47143 sp=0x000000614c6f5328 mode 0
Event: 18.585 Thread 0x000001f2a6a7e500 Uncommon trap: trap_request=0xffffff45 fr.pc=0x000001f29225aeb0 relative=0x00000000000049b0
Event: 18.585 Thread 0x000001f2a6a7e500 Uncommon trap: reason=unstable_if action=reinterpret pc=0x000001f29225aeb0 method=groovyjarjarantlr4.v4.runtime.atn.ParserATNSimulator.closure(Lgroovyjarjarantlr4/v4/runtime/atn/ATNConfig;Lgroovyjarjarantlr4/v4/runtime/atn/ATNConfigSet;Lgroovyjarjarantlr4
Event: 18.585 Thread 0x000001f2a6a7e500 DEOPT PACKING pc=0x000001f29225aeb0 sp=0x000000614c6f5f80
Event: 18.585 Thread 0x000001f2a6a7e500 DEOPT UNPACKING pc=0x000001f291c469a3 sp=0x000000614c6f5f58 mode 2
Event: 18.599 Thread 0x000001f2a6a7e500 Uncommon trap: trap_request=0xffffff76 fr.pc=0x000001f29246cff4 relative=0x0000000000000714
Event: 18.599 Thread 0x000001f2a6a7e500 Uncommon trap: reason=predicate action=maybe_recompile pc=0x000001f29246cff4 method=java.util.ArrayList$ArrayListSpliterator.forEachRemaining(Ljava/util/function/Consumer;)V @ 83 c2
Event: 18.599 Thread 0x000001f2a6a7e500 DEOPT PACKING pc=0x000001f29246cff4 sp=0x000000614c6f4c30
Event: 18.599 Thread 0x000001f2a6a7e500 DEOPT UNPACKING pc=0x000001f291c469a3 sp=0x000000614c6f4c10 mode 2
Event: 18.602 Thread 0x000001f2a6a7e500 Uncommon trap: trap_request=0xffffff45 fr.pc=0x000001f2923f7a28 relative=0x00000000000006e8
Event: 18.602 Thread 0x000001f2a6a7e500 Uncommon trap: reason=unstable_if action=reinterpret pc=0x000001f2923f7a28 method=groovyjarjarasm.asm.ClassReader.readUtf(II[C)Ljava/lang/String; @ 41 c2
Event: 18.602 Thread 0x000001f2a6a7e500 DEOPT PACKING pc=0x000001f2923f7a28 sp=0x000000614c6f5710
Event: 18.602 Thread 0x000001f2a6a7e500 DEOPT UNPACKING pc=0x000001f291c469a3 sp=0x000000614c6f5628 mode 2

Classes unloaded (5 events):
Event: 11.015 Thread 0x000001f2a07edd40 Unloading class 0x0000000100684000 '_BuildScript_$_run_closure1'
Event: 11.015 Thread 0x000001f2a07edd40 Unloading class 0x000000010067c000 '_BuildScript_'
Event: 11.496 Thread 0x000001f2a07edd40 Unloading class 0x0000000100719968 '_BuildScript_$_run_closure1$_closure2'
Event: 11.496 Thread 0x000001f2a07edd40 Unloading class 0x0000000100719558 '_BuildScript_$_run_closure1'
Event: 11.496 Thread 0x000001f2a07edd40 Unloading class 0x0000000100719000 '_BuildScript_'

Classes redefined (0 events):
No events

Internal exceptions (20 events):
Event: 10.400 Thread 0x000001f2a6a7e500 Exception <a 'java/lang/NoSuchMethodError'{0x000000008bfe9c70}: 'java.lang.Object java.lang.invoke.DirectMethodHandle$Holder.invokeSpecial(java.lang.Object, java.lang.Object, java.lang.Object, java.lang.Object, java.lang.Object, int)'> (0x000000008bfe9c70) 
thrown [s\src\hotspot\share\interpreter\linkResolver.cpp, line 771]
Event: 10.401 Thread 0x000001f2a6a7e500 Exception <a 'java/lang/NoSuchMethodError'{0x000000008bfee948}: 'java.lang.Object java.lang.invoke.Invokers$Holder.linkToTargetMethod(java.lang.Object, java.lang.Object, java.lang.Object, int, java.lang.Object)'> (0x000000008bfee948) 
thrown [s\src\hotspot\share\interpreter\linkResolver.cpp, line 771]
Event: 10.439 Thread 0x000001f2a6a7e500 Exception <a 'java/lang/NoSuchMethodError'{0x0000000088df3f50}: 'int java.lang.invoke.DirectMethodHandle$Holder.invokeInterface(java.lang.Object, java.lang.Object, java.lang.Object, java.lang.Object)'> (0x0000000088df3f50) 
thrown [s\src\hotspot\share\interpreter\linkResolver.cpp, line 771]
Event: 10.572 Thread 0x000001f2a6a7e500 Implicit null exception at 0x000001f292363f6c to 0x000001f292364020
Event: 10.579 Thread 0x000001f2a6a7e500 Exception <a 'java/lang/ClassNotFoundException'{0x0000000085585b38}: org/gradle/api/internal/artifacts/dsl/dependencies/DefaultDependencyHandler_DecoratedBeanInfo> (0x0000000085585b38) 
thrown [s\src\hotspot\share\classfile\systemDictionary.cpp, line 256]
Event: 10.580 Thread 0x000001f2a6a7e500 Exception <a 'java/lang/ClassNotFoundException'{0x000000008559d728}: org/gradle/api/internal/artifacts/dsl/dependencies/DefaultDependencyHandlerBeanInfo> (0x000000008559d728) 
thrown [s\src\hotspot\share\classfile\systemDictionary.cpp, line 256]
Event: 10.580 Thread 0x000001f2a6a7e500 Exception <a 'java/lang/ClassNotFoundException'{0x00000000855b52d8}: org/gradle/api/internal/artifacts/dsl/dependencies/DefaultDependencyHandlerCustomizer> (0x00000000855b52d8) 
thrown [s\src\hotspot\share\classfile\systemDictionary.cpp, line 256]
Event: 10.584 Thread 0x000001f2a6a7e500 Exception <a 'java/lang/ClassNotFoundException'{0x00000000855f7738}: org/gradle/api/internal/artifacts/dsl/dependencies/DefaultDependencyHandler_DecoratedCustomizer> (0x00000000855f7738) 
thrown [s\src\hotspot\share\classfile\systemDictionary.cpp, line 256]
Event: 10.588 Thread 0x000001f2a6a7e500 Exception <a 'java/lang/ClassNotFoundException'{0x000000008543c1c0}: sync_studio_tooling2_5w8np87q4lx3gc52yiqhvago3$_run_closure1BeanInfo> (0x000000008543c1c0) 
thrown [s\src\hotspot\share\classfile\systemDictionary.cpp, line 256]
Event: 10.588 Thread 0x000001f2a6a7e500 Exception <a 'java/lang/ClassNotFoundException'{0x00000000854431a0}: sync_studio_tooling2_5w8np87q4lx3gc52yiqhvago3$_run_closure1Customizer> (0x00000000854431a0) 
thrown [s\src\hotspot\share\classfile\systemDictionary.cpp, line 256]
Event: 10.648 Thread 0x000001f2a6a7e500 Exception <a 'java/lang/NoSuchMethodError'{0x00000000851459c0}: 'java.lang.Object java.lang.invoke.DirectMethodHandle$Holder.newInvokeSpecial(java.lang.Object, int, java.lang.Object)'> (0x00000000851459c0) 
thrown [s\src\hotspot\share\interpreter\linkResolver.cpp, line 771]
Event: 10.697 Thread 0x000001f2a6a7e500 Exception <a 'java/lang/NoSuchMethodError'{0x0000000084f877f0}: 'void java.lang.invoke.DirectMethodHandle$Holder.invokeInterface(java.lang.Object, java.lang.Object)'> (0x0000000084f877f0) 
thrown [s\src\hotspot\share\interpreter\linkResolver.cpp, line 771]
Event: 10.897 Thread 0x000001f2a6a7e500 Exception <a 'java/lang/NoSuchMethodError'{0x000000008430f0a8}: 'java.lang.Object java.lang.invoke.DirectMethodHandle$Holder.newInvokeSpecial(java.lang.Object, java.lang.Object, java.lang.Object, java.lang.Object, int, java.lang.Object)'> (0x000000008430f0a8) 
thrown [s\src\hotspot\share\interpreter\linkResolver.cpp, line 771]
Event: 10.897 Thread 0x000001f2a6a7e500 Exception <a 'java/lang/NoSuchMethodError'{0x0000000084317f38}: 'java.lang.Object java.lang.invoke.Invokers$Holder.linkToTargetMethod(java.lang.Object, java.lang.Object, java.lang.Object, int, java.lang.Object, java.lang.Object)'> (0x0000000084317f38) 
thrown [s\src\hotspot\share\interpreter\linkResolver.cpp, line 771]
Event: 11.013 Thread 0x000001f2a50e5bd0 Exception <a 'sun/nio/fs/WindowsException'{0x0000000088edc298}> (0x0000000088edc298) 
thrown [s\src\hotspot\share\prims\jni.cpp, line 531]
Event: 11.014 Thread 0x000001f2a6a7e500 Exception <a 'sun/nio/fs/WindowsException'{0x000000008bfacf40}> (0x000000008bfacf40) 
thrown [s\src\hotspot\share\prims\jni.cpp, line 531]
Event: 11.750 Thread 0x000001f2a6a7e500 Exception <a 'sun/nio/fs/WindowsException'{0x00000000863c7a08}> (0x00000000863c7a08) 
thrown [s\src\hotspot\share\prims\jni.cpp, line 531]
Event: 11.760 Thread 0x000001f2a6a7e500 Exception <a 'sun/nio/fs/WindowsException'{0x00000000863d8e40}> (0x00000000863d8e40) 
thrown [s\src\hotspot\share\prims\jni.cpp, line 531]
Event: 17.173 Thread 0x000001f2a50e5bd0 Exception <a 'sun/nio/fs/WindowsException'{0x00000000897e0548}> (0x00000000897e0548) 
thrown [s\src\hotspot\share\prims\jni.cpp, line 531]
Event: 17.231 Thread 0x000001f2a50e5bd0 Exception <a 'sun/nio/fs/WindowsException'{0x00000000897e09f0}> (0x00000000897e09f0) 
thrown [s\src\hotspot\share\prims\jni.cpp, line 531]

VM Operations (20 events):
Event: 14.622 Executing VM operation: G1CollectForAllocation
Event: 14.626 Executing VM operation: G1CollectForAllocation done
Event: 14.919 Executing VM operation: G1CollectForAllocation
Event: 14.926 Executing VM operation: G1CollectForAllocation done
Event: 15.335 Executing VM operation: G1CollectForAllocation
Event: 15.340 Executing VM operation: G1CollectForAllocation done
Event: 15.705 Executing VM operation: G1CollectForAllocation
Event: 15.712 Executing VM operation: G1CollectForAllocation done
Event: 16.065 Executing VM operation: G1CollectForAllocation
Event: 16.072 Executing VM operation: G1CollectForAllocation done
Event: 16.393 Executing VM operation: G1CollectForAllocation
Event: 16.400 Executing VM operation: G1CollectForAllocation done
Event: 17.008 Executing VM operation: G1CollectForAllocation
Event: 17.017 Executing VM operation: G1CollectForAllocation done
Event: 18.026 Executing VM operation: Cleanup
Event: 18.026 Executing VM operation: Cleanup done
Event: 18.030 Executing VM operation: G1CollectForAllocation
Event: 18.033 Executing VM operation: G1CollectForAllocation done
Event: 18.382 Executing VM operation: G1CollectForAllocation
Event: 18.391 Executing VM operation: G1CollectForAllocation done

Events (20 events):
Event: 13.021 loading class java/util/concurrent/LinkedBlockingDeque$AbstractItr done
Event: 13.021 loading class java/util/concurrent/LinkedBlockingDeque$Itr done
Event: 13.969 loading class jdk/internal/access/foreign/MemorySegmentProxy
Event: 13.969 loading class jdk/internal/access/foreign/MemorySegmentProxy done
Event: 14.261 Thread 0x000001f2a099ad90 flushing nmethod 0x000001f28a717090
Event: 14.262 Thread 0x000001f2a099ad90 flushing nmethod 0x000001f28a919510
Event: 17.424 Thread 0x000001f2a6a94f70 Thread exited: 0x000001f2a6a94f70
Event: 17.730 loading class java/util/stream/SortedOps$OfRef
Event: 17.730 loading class java/util/stream/SortedOps$OfRef done
Event: 17.731 loading class java/util/stream/SortedOps$SizedRefSortingSink
Event: 17.731 loading class java/util/stream/SortedOps$AbstractRefSortingSink
Event: 17.731 loading class java/util/stream/SortedOps$AbstractRefSortingSink done
Event: 17.731 loading class java/util/stream/SortedOps$SizedRefSortingSink done
Event: 17.735 loading class java/util/HashMap$EntrySpliterator
Event: 17.735 loading class java/util/HashMap$EntrySpliterator done
Event: 17.736 loading class java/util/stream/SortedOps$RefSortingSink
Event: 17.736 loading class java/util/stream/SortedOps$RefSortingSink done
Event: 17.786 Thread 0x000001f2a7cf4aa0 Thread added: 0x000001f2a7cf4aa0
Event: 18.419 Thread 0x000001f2a7cf4aa0 Thread exited: 0x000001f2a7cf4aa0
Event: 18.528 Thread 0x000001f2a7cf8510 Thread added: 0x000001f2a7cf8510


Dynamic libraries:
0x00007ff665640000 - 0x00007ff66564a000 	C:\Program Files\Android\Android Studio\jbr\bin\java.exe
0x00007ffb42710000 - 0x00007ffb42927000 	C:\Windows\SYSTEM32\ntdll.dll
0x00007ffb42060000 - 0x00007ffb42124000 	C:\Windows\System32\KERNEL32.DLL
0x00007ffb40020000 - 0x00007ffb403cc000 	C:\Windows\System32\KERNELBASE.dll
0x00007ffb3bda0000 - 0x00007ffb3be37000 	C:\Windows\SYSTEM32\apphelp.dll
0x00007ffb3fd10000 - 0x00007ffb3fe21000 	C:\Windows\System32\ucrtbase.dll
0x00007ffb2a1c0000 - 0x00007ffb2a1d7000 	C:\Program Files\Android\Android Studio\jbr\bin\jli.dll
0x00007ffb39190000 - 0x00007ffb391ab000 	C:\Program Files\Android\Android Studio\jbr\bin\VCRUNTIME140.dll
0x00007ffb40a40000 - 0x00007ffb40bee000 	C:\Windows\System32\USER32.dll
0x00007ffb28060000 - 0x00007ffb282f3000 	C:\Windows\WinSxS\amd64_microsoft.windows.common-controls_6595b64144ccf1df_6.0.22621.3672_none_2713b9d173822955\COMCTL32.dll
0x00007ffb3fe30000 - 0x00007ffb3fe56000 	C:\Windows\System32\win32u.dll
0x00007ffb40bf0000 - 0x00007ffb40c19000 	C:\Windows\System32\GDI32.dll
0x00007ffb40510000 - 0x00007ffb405b7000 	C:\Windows\System32\msvcrt.dll
0x00007ffb3ff00000 - 0x00007ffb40019000 	C:\Windows\System32\gdi32full.dll
0x00007ffb3fe60000 - 0x00007ffb3fefa000 	C:\Windows\System32\msvcp_win.dll
0x00007ffb41ff0000 - 0x00007ffb42021000 	C:\Windows\System32\IMM32.DLL
0x00007ffb3b1c0000 - 0x00007ffb3b1cc000 	C:\Program Files\Android\Android Studio\jbr\bin\vcruntime140_1.dll
0x00007ffb1c120000 - 0x00007ffb1c1ad000 	C:\Program Files\Android\Android Studio\jbr\bin\msvcp140.dll
0x00007ffae0740000 - 0x00007ffae13c3000 	C:\Program Files\Android\Android Studio\jbr\bin\server\jvm.dll
0x00007ffb40450000 - 0x00007ffb40502000 	C:\Windows\System32\ADVAPI32.dll
0x00007ffb41b50000 - 0x00007ffb41bfa000 	C:\Windows\System32\sechost.dll
0x00007ffb3fbb0000 - 0x00007ffb3fbd8000 	C:\Windows\System32\bcrypt.dll
0x00007ffb41a00000 - 0x00007ffb41b15000 	C:\Windows\System32\RPCRT4.dll
0x00007ffb38ff0000 - 0x00007ffb39024000 	C:\Windows\SYSTEM32\WINMM.dll
0x00007ffb3f900000 - 0x00007ffb3f94d000 	C:\Windows\SYSTEM32\POWRPROF.dll
0x00007ffb3c3a0000 - 0x00007ffb3c3a9000 	C:\Windows\SYSTEM32\WSOCK32.dll
0x00007ffb42650000 - 0x00007ffb426c1000 	C:\Windows\System32\WS2_32.dll
0x00007ffb39240000 - 0x00007ffb3924a000 	C:\Windows\SYSTEM32\VERSION.dll
0x00007ffb3f8e0000 - 0x00007ffb3f8f3000 	C:\Windows\SYSTEM32\UMPDC.dll
0x00007ffb3ea30000 - 0x00007ffb3ea48000 	C:\Windows\SYSTEM32\kernel.appcore.dll
0x00007ffb3b160000 - 0x00007ffb3b16a000 	C:\Program Files\Android\Android Studio\jbr\bin\jimage.dll
0x00007ffb3d340000 - 0x00007ffb3d572000 	C:\Windows\SYSTEM32\DBGHELP.DLL
0x00007ffb41c00000 - 0x00007ffb41f88000 	C:\Windows\System32\combase.dll
0x00007ffb40e50000 - 0x00007ffb40f27000 	C:\Windows\System32\OLEAUT32.dll
0x00007ffb23390000 - 0x00007ffb233c2000 	C:\Windows\SYSTEM32\dbgcore.DLL
0x00007ffb403d0000 - 0x00007ffb4044b000 	C:\Windows\System32\bcryptPrimitives.dll
0x00007ffb2a7d0000 - 0x00007ffb2a7de000 	C:\Program Files\Android\Android Studio\jbr\bin\instrument.dll
0x00007ffb399c0000 - 0x00007ffb399e5000 	C:\Program Files\Android\Android Studio\jbr\bin\java.dll
0x00007ffb39170000 - 0x00007ffb39188000 	C:\Program Files\Android\Android Studio\jbr\bin\zip.dll
0x00007ffb411a0000 - 0x00007ffb419fc000 	C:\Windows\System32\SHELL32.dll
0x00007ffb3d940000 - 0x00007ffb3e237000 	C:\Windows\SYSTEM32\windows.storage.dll
0x00007ffb3d800000 - 0x00007ffb3d93f000 	C:\Windows\SYSTEM32\wintypes.dll
0x00007ffb40c70000 - 0x00007ffb40d64000 	C:\Windows\System32\SHCORE.dll
0x00007ffb42490000 - 0x00007ffb424ee000 	C:\Windows\System32\shlwapi.dll
0x00007ffb3f970000 - 0x00007ffb3f991000 	C:\Windows\SYSTEM32\profapi.dll
0x00007ffb2a8f0000 - 0x00007ffb2a909000 	C:\Program Files\Android\Android Studio\jbr\bin\net.dll
0x00007ffb38e10000 - 0x00007ffb38f46000 	C:\Windows\SYSTEM32\WINHTTP.dll
0x00007ffb3eea0000 - 0x00007ffb3ef09000 	C:\Windows\system32\mswsock.dll
0x00007ffb2a8d0000 - 0x00007ffb2a8e6000 	C:\Program Files\Android\Android Studio\jbr\bin\nio.dll
0x00007ffb2d300000 - 0x00007ffb2d310000 	C:\Program Files\Android\Android Studio\jbr\bin\verify.dll
0x00007ffb39100000 - 0x00007ffb39127000 	C:\Users\heril\.gradle\native\c067742578af261105cb4f569cf0c3c89f3d7b1fecec35dd04571415982c5e48\windows-amd64\native-platform.dll
0x00007ffb1ee60000 - 0x00007ffb1efa4000 	C:\Users\heril\.gradle\native\38dada09dfb8b06ba9b0570ebf7e218e3eb74d4ef43ca46872605cf95ebc2f47\windows-amd64\native-platform-file-events.dll
0x00007ffb39c30000 - 0x00007ffb39c39000 	C:\Program Files\Android\Android Studio\jbr\bin\management.dll
0x00007ffb39a30000 - 0x00007ffb39a3b000 	C:\Program Files\Android\Android Studio\jbr\bin\management_ext.dll
0x00007ffb40f30000 - 0x00007ffb40f38000 	C:\Windows\System32\PSAPI.DLL
0x00007ffb3f0d0000 - 0x00007ffb3f0eb000 	C:\Windows\SYSTEM32\CRYPTSP.dll
0x00007ffb3e990000 - 0x00007ffb3e9c5000 	C:\Windows\system32\rsaenh.dll
0x00007ffb3ef60000 - 0x00007ffb3ef88000 	C:\Windows\SYSTEM32\USERENV.dll
0x00007ffb3f0f0000 - 0x00007ffb3f0fc000 	C:\Windows\SYSTEM32\CRYPTBASE.dll
0x00007ffb3e4a0000 - 0x00007ffb3e4cd000 	C:\Windows\SYSTEM32\IPHLPAPI.DLL
0x00007ffb41b20000 - 0x00007ffb41b29000 	C:\Windows\System32\NSI.dll
0x00007ffb39030000 - 0x00007ffb39049000 	C:\Windows\SYSTEM32\dhcpcsvc6.DLL
0x00007ffb38dd0000 - 0x00007ffb38def000 	C:\Windows\SYSTEM32\dhcpcsvc.DLL
0x00007ffb3e510000 - 0x00007ffb3e608000 	C:\Windows\SYSTEM32\DNSAPI.dll
0x00007ffb39d60000 - 0x00007ffb39d69000 	C:\Program Files\Android\Android Studio\jbr\bin\extnet.dll
0x00007ffb16e20000 - 0x00007ffb16e28000 	C:\Windows\system32\wshunix.dll
0x00007ffb3ea50000 - 0x00007ffb3ea84000 	C:\Windows\SYSTEM32\ntmarta.dll

dbghelp: loaded successfully - version: 4.0.5 - missing functions: none
symbol engine: initialized successfully - sym options: 0x614 - pdb path: .;C:\Program Files\Android\Android Studio\jbr\bin;C:\Windows\SYSTEM32;C:\Windows\WinSxS\amd64_microsoft.windows.common-controls_6595b64144ccf1df_6.0.22621.3672_none_2713b9d173822955;C:\Program Files\Android\Android Studio\jbr\bin\server;C:\Users\heril\.gradle\native\c067742578af261105cb4f569cf0c3c89f3d7b1fecec35dd04571415982c5e48\windows-amd64;C:\Users\heril\.gradle\native\38dada09dfb8b06ba9b0570ebf7e218e3eb74d4ef43ca46872605cf95ebc2f47\windows-amd64

VM Arguments:
jvm_args: --add-opens=java.base/java.util=ALL-UNNAMED --add-opens=java.base/java.lang=ALL-UNNAMED --add-opens=java.base/java.lang.invoke=ALL-UNNAMED --add-opens=java.prefs/java.util.prefs=ALL-UNNAMED --add-opens=java.base/java.nio.charset=ALL-UNNAMED --add-opens=java.base/java.net=ALL-UNNAMED --add-opens=java.base/java.util.concurrent.atomic=ALL-UNNAMED -Xmx2048m -Dfile.encoding=UTF-8 -Duser.country=IN -Duser.language=en -Duser.variant -javaagent:C:\Users\heril\.gradle\wrapper\dists\gradle-8.7-bin\bhs2wmbdwecv87pi65oeuq5iu\gradle-8.7\lib\agents\gradle-instrumentation-agent-8.7.jar 
java_command: org.gradle.launcher.daemon.bootstrap.GradleDaemon 8.7
java_class_path (initial): C:\Users\heril\.gradle\wrapper\dists\gradle-8.7-bin\bhs2wmbdwecv87pi65oeuq5iu\gradle-8.7\lib\gradle-launcher-8.7.jar
Launcher Type: SUN_STANDARD

[Global flags]
     intx CICompilerCount                          = 3                                         {product} {ergonomic}
     uint ConcGCThreads                            = 1                                         {product} {ergonomic}
     uint G1ConcRefinementThreads                  = 4                                         {product} {ergonomic}
   size_t G1HeapRegionSize                         = 1048576                                   {product} {ergonomic}
    uintx GCDrainStackTargetSize                   = 64                                        {product} {ergonomic}
   size_t InitialHeapSize                          = 201326592                                 {product} {ergonomic}
   size_t MarkStackSize                            = 4194304                                   {product} {ergonomic}
   size_t MaxHeapSize                              = 2147483648                                {product} {command line}
   size_t MaxNewSize                               = 1287651328                                {product} {ergonomic}
   size_t MinHeapDeltaBytes                        = 1048576                                   {product} {ergonomic}
   size_t MinHeapSize                              = 8388608                                   {product} {ergonomic}
    uintx NonNMethodCodeHeapSize                   = 5832780                                {pd product} {ergonomic}
    uintx NonProfiledCodeHeapSize                  = 122912730                              {pd product} {ergonomic}
    uintx ProfiledCodeHeapSize                     = 122912730                              {pd product} {ergonomic}
    uintx ReservedCodeCacheSize                    = 251658240                              {pd product} {ergonomic}
     bool SegmentedCodeCache                       = true                                      {product} {ergonomic}
   size_t SoftMaxHeapSize                          = 2147483648                             {manageable} {ergonomic}
     bool UseCompressedClassPointers               = true                           {product lp64_product} {ergonomic}
     bool UseCompressedOops                        = true                           {product lp64_product} {ergonomic}
     bool UseG1GC                                  = true                                      {product} {ergonomic}
     bool UseLargePagesIndividualAllocation        = false                                  {pd product} {ergonomic}

Logging:
Log output configuration:
 #0: stdout all=warning uptime,level,tags
 #1: stderr all=off uptime,level,tags

Environment Variables:
JAVA_HOME=C:\Program Files\Java\jdk-19
PATH=C:\Program Files\Google\Chrome\Application;C:\oraclexe\app\oracle\product\10.2.0\server\bin;C:\Program Files\Common Files\Oracle\Java\javapath;C:\Windows\system32;C:\Windows;C:\Windows\System32\Wbem;C:\Windows\System32\WindowsPowerShell\v1.0\;C:\Windows\System32\OpenSSH\;C:\Program Files\Java\jdk-19\bin;C:\Users\heril\AppData\Local\Programs\Python\Python312;C:\Program Files\Microsoft SQL Server\150\Tools\Binn\;C:\Program Files\Microsoft SQL Server\Client SDK\ODBC\170\Tools\Binn\;C:\Program Files\dotnet\;C:\Users\heril\AppData\Local\Programs\Python\Python312\Scripts\;C:\Users\heril\AppData\Local\Programs\Python\Python312\;C:\Users\heril\AppData\Local\Programs\Python\Launcher\;C:\Users\heril\AppData\Local\Microsoft\WindowsApps;;C:\Users\heril\AppData\Local\Programs\Microsoft VS Code\bin;C:\Users\heril\.dotnet\tools
USERNAME=heril
OS=Windows_NT
PROCESSOR_IDENTIFIER=Intel64 Family 6 Model 142 Stepping 9, GenuineIntel
TMP=C:\Users\heril\AppData\Local\Temp
TEMP=C:\Users\heril\AppData\Local\Temp



Periodic native trim disabled

JNI global refs:
JNI global refs: 25, weak refs: 0

JNI global refs memory usage: 843, weak refs: 841

Process memory usage:
Resident Set Size: 401008K (3% of 12497740K total physical memory with 3343440K free physical memory)

OOME stack traces (most recent first):
Classloader memory used:
Loader org.gradle.internal.classloader.VisitableURLClassLoader                         : 3774K
Loader bootstrap                                                                       : 2449K
Loader org.gradle.initialization.MixInLegacyTypesClassLoader                           : 748K
Loader org.gradle.internal.classloader.VisitableURLClassLoader                         : 80597B
Loader jdk.internal.loader.ClassLoaders$PlatformClassLoader                            : 66831B
Loader jdk.internal.loader.ClassLoaders$AppClassLoader                                 : 28747B
Loader jdk.internal.reflect.DelegatingClassLoader                                      : 25845B
Loader org.gradle.groovy.scripts.internal.DefaultScriptCompilationHandler$ScriptClassLoader: 4306B
Loader org.codehaus.groovy.runtime.callsite.CallSiteClassLoader                        : 876B
Loader groovy.lang.GroovyClassLoader$InnerLoader                                       : 461B

Classes loaded by more than one classloader:
Class org.gradle.api.GradleException                                                  : loaded 3 times (x 80B)
Class org.gradle.util.GradleVersion                                                   : loaded 2 times (x 81B)
Class org.gradle.internal.classpath.ClassPath                                         : loaded 2 times (x 68B)
Class org.gradle.api.internal.classpath.DefaultModuleRegistry                         : loaded 2 times (x 84B)
Class org.gradle.internal.exceptions.NonGradleCauseExceptionsHolder                   : loaded 2 times (x 68B)
Class org.gradle.api.Action                                                           : loaded 2 times (x 68B)
Class org.gradle.api.internal.DefaultClassPathProvider                                : loaded 2 times (x 74B)
Class org.gradle.internal.installation.GradleInstallation$1                           : loaded 2 times (x 73B)
Class org.gradle.internal.exceptions.DefaultMultiCauseException                       : loaded 2 times (x 93B)
Class org.gradle.internal.time.MonotonicClock                                         : loaded 2 times (x 75B)
Class org.gradle.internal.classloader.FilteringClassLoader                            : loaded 2 times (x 103B)
Class org.gradle.internal.classpath.DefaultClassPath$ImmutableUniqueList$Builder      : loaded 2 times (x 73B)
Class org.gradle.internal.classloader.ClassLoaderVisitor                              : loaded 2 times (x 74B)
Class org.gradle.internal.time.DefaultCountdownTimer                                  : loaded 2 times (x 86B)
Class org.gradle.internal.service.DefaultServiceLocator                               : loaded 2 times (x 81B)
Class org.gradle.internal.service.UnknownServiceException                             : loaded 2 times (x 81B)
Class org.gradle.internal.classloader.DefaultClassLoaderFactory                       : loaded 2 times (x 80B)
Class org.gradle.internal.classloader.VisitableURLClassLoader$Spec                    : loaded 2 times (x 72B)
Class org.gradle.tooling.model.ProjectModel                                           : loaded 2 times (x 68B)
Class org.gradle.internal.installation.GradleInstallation                             : loaded 2 times (x 73B)
Class org.gradle.api.internal.classpath.ModuleRegistry                                : loaded 2 times (x 68B)
Class org.gradle.api.internal.ClassPathProvider                                       : loaded 2 times (x 68B)
Class org.gradle.internal.classloader.ClasspathUtil$1                                 : loaded 2 times (x 74B)
Class org.gradle.internal.classloader.ClassLoaderFactory                              : loaded 2 times (x 68B)
Class org.gradle.api.internal.classpath.ManifestUtil                                  : loaded 2 times (x 69B)
Class org.gradle.api.specs.Spec                                                       : loaded 2 times (x 68B)
Class org.gradle.internal.IoActions                                                   : loaded 2 times (x 69B)
Class org.gradle.api.internal.classpath.EffectiveClassPath                            : loaded 2 times (x 88B)
Class org.gradle.internal.exceptions.ResolutionProvider                               : loaded 2 times (x 68B)
Class org.gradle.internal.installation.CurrentGradleInstallation                      : loaded 2 times (x 71B)
Class org.gradle.internal.agents.InstrumentingClassLoader                             : loaded 2 times (x 68B)
Class org.gradle.internal.installation.CurrentGradleInstallationLocator               : loaded 2 times (x 69B)
Class org.gradle.api.internal.classpath.Module                                        : loaded 2 times (x 68B)
Class org.gradle.internal.service.CachingServiceLocator                               : loaded 2 times (x 80B)
Class org.gradle.internal.time.Timer                                                  : loaded 2 times (x 68B)
Class org.gradle.internal.classpath.DefaultClassPath                                  : loaded 2 times (x 88B)
Class org.gradle.internal.time.Time                                                   : loaded 2 times (x 69B)
Class org.gradle.internal.time.TimeSource$1                                           : loaded 2 times (x 75B)
Class org.gradle.internal.classloader.SystemClassLoaderSpec                           : loaded 2 times (x 69B)
Class kotlin.Function                                                                 : loaded 2 times (x 68B)
Class org.gradle.api.UncheckedIOException                                             : loaded 2 times (x 80B)
Class org.gradle.internal.time.CountdownTimer                                         : loaded 2 times (x 68B)
Class org.gradle.internal.time.Clock                                                  : loaded 2 times (x 68B)
Class org.gradle.internal.classloader.ClasspathUtil                                   : loaded 2 times (x 69B)
Class org.gradle.api.internal.DefaultClassPathRegistry                                : loaded 2 times (x 74B)
Class org.gradle.api.internal.classpath.DefaultModuleRegistry$DefaultModule           : loaded 2 times (x 84B)
Class org.gradle.internal.time.TimeSource                                             : loaded 2 times (x 68B)
Class org.gradle.api.internal.classpath.UnknownModuleException                        : loaded 2 times (x 80B)
Class org.gradle.internal.service.ServiceLookupException                              : loaded 2 times (x 80B)
Class org.gradle.cache.GlobalCache                                                    : loaded 2 times (x 68B)
Class [Lorg.gradle.api.internal.ClassPathProvider;                                    : loaded 2 times (x 67B)
Class org.gradle.internal.operations.MultipleBuildOperationFailures                   : loaded 2 times (x 93B)
Class org.gradle.util.internal.GUtil                                                  : loaded 2 times (x 69B)
Class org.gradle.internal.classloader.ClassLoaderSpec                                 : loaded 2 times (x 69B)
Class org.gradle.internal.classloader.VisitableURLClassLoader                         : loaded 2 times (x 115B)
Class org.gradle.internal.Cast                                                        : loaded 2 times (x 69B)
Class org.gradle.api.internal.ClassPathRegistry                                       : loaded 2 times (x 68B)
Class org.gradle.internal.classloader.VisitableURLClassLoader$InstrumentingVisitableURLClassLoader: loaded 2 times (x 121B)
Class org.gradle.internal.classloader.ClassLoaderHierarchy                            : loaded 2 times (x 68B)
Class org.gradle.internal.exceptions.MultiCauseException                              : loaded 2 times (x 68B)
Class org.gradle.internal.InternalTransformer                                         : loaded 2 times (x 68B)
Class org.gradle.internal.service.ServiceLocator                                      : loaded 2 times (x 68B)
Class org.gradle.internal.classpath.DefaultClassPath$ImmutableUniqueList              : loaded 2 times (x 159B)
Class org.gradle.internal.time.DefaultTimer                                           : loaded 2 times (x 78B)
Class org.gradle.internal.classpath.TransformedClassPath                              : loaded 2 times (x 94B)


---------------  S Y S T E M  ---------------

OS:
 Windows 11 , 64 bit Build 22621 (10.0.22621.3672)
OS uptime: 0 days 16:42 hours
Hyper-V role detected

CPU: total 4 (initial active 4) (2 cores per cpu, 2 threads per core) family 6 model 142 stepping 9 microcode 0xde, cx8, cmov, fxsr, ht, mmx, 3dnowpref, sse, sse2, sse3, ssse3, sse4.1, sse4.2, popcnt, lzcnt, tsc, tscinvbit, avx, avx2, aes, erms, clmul, bmi1, bmi2, adx, fma, vzeroupper, clflush, clflushopt, hv
Processor Information for processor 0
  Max Mhz: 2401, Current Mhz: 2401, Mhz Limit: 2401
Processor Information for processor 1
  Max Mhz: 2401, Current Mhz: 1500, Mhz Limit: 2401
Processor Information for processor 2
  Max Mhz: 2401, Current Mhz: 2401, Mhz Limit: 2401
Processor Information for processor 3
  Max Mhz: 2401, Current Mhz: 1500, Mhz Limit: 2401

Memory: 4k page, system-wide physical 12204M (3265M free)
TotalPageFile size 13036M (AvailPageFile size 3468M)
current process WorkingSet (physical memory assigned to process): 392M, peak: 397M
current process commit charge ("private bytes"): 419M, peak: 429M

vm_info: OpenJDK 64-Bit Server VM (17.0.11+0--11852314) for windows-amd64 JRE (17.0.11+0--11852314), built on May 16 2024 21:29:20 by "androidbuild" with MS VC++ 16.10 / 16.11 (VS2019)

END.
